Log file open, 03/24/18 01:56:11
LogWindows: Failed to load 'aqProf.dll' (GetLastError=126)
LogWindows: File 'aqProf.dll' does not exist
LogWindows: Failed to load 'VSPerf140.dll' (GetLastError=126)
LogWindows: File 'VSPerf140.dll' does not exist
LogWindows: Failed to load 'VtuneApi.dll' (GetLastError=126)
LogWindows: File 'VtuneApi.dll' does not exist
LogWindows: Failed to load 'VtuneApi32e.dll' (GetLastError=126)
LogWindows: File 'VtuneApi32e.dll' does not exist
LogInit: Display: Running engine for game: ShadowField
LogPlatformFile: Not using cached read wrapper
LogInit: Display: RandInit(-1887249422) SRandInit(-1887249422).
LogInit: Read version file with build ID '3944462'
LogInit: Overriding engine version to CL 3944462, compatible CL 3944462
LogInit: Registered custom module enumerator with build ID '3944462'
LogTaskGraph: Started task graph with 5 named threads and 35 total threads with 3 sets of task threads.
LogStats: Stats thread started at 0.395791
LogD3D11RHI: Aftermath initialized
LogICUInternationalization: Display: ICU TimeZone Detection - Raw Offset: -8:00, Platform Override: ''
LogModuleManager: Display: Found up-to-date module file ../../../Engine/Plugins/2D/Paper2D/Binaries/Win64/UE4Editor-Paper2D.dll (API version 3944462).
LogModuleManager: Display: Found up-to-date module file ../../../Engine/Plugins/2D/Paper2D/Binaries/Win64/UE4Editor-Paper2DEditor.dll (API version 3944462).
LogModuleManager: Display: Found up-to-date module file ../../../Engine/Plugins/2D/Paper2D/Binaries/Win64/UE4Editor-PaperSpriteSheetImporter.dll (API version 3944462).
LogModuleManager: Display: Found up-to-date module file ../../../Engine/Plugins/2D/Paper2D/Binaries/Win64/UE4Editor-PaperTiledImporter.dll (API version 3944462).
LogModuleManager: Display: Found up-to-date module file ../../../Engine/Plugins/2D/Paper2D/Binaries/Win64/UE4Editor-SmartSnapping.dll (API version 3944462).
LogModuleManager: Display: Found up-to-date module file ../../../Engine/Plugins/Blendables/LightPropagationVolume/Binaries/Win64/UE4Editor-LightPropagationVolumeRuntime.dll (API version 3944462).
LogModuleManager: Display: Found up-to-date module file ../../../Engine/Plugins/Blendables/LightPropagationVolume/Binaries/Win64/UE4Editor-LightPropagationVolumeEditor.dll (API version 3944462).
LogModuleManager: Display: Found up-to-date module file ../../../Engine/Plugins/Developer/CLionSourceCodeAccess/Binaries/Win64/UE4Editor-CLionSourceCodeAccess.dll (API version 3944462).
LogModuleManager: Display: Found up-to-date module file ../../../Engine/Plugins/Developer/GitSourceControl/Binaries/Win64/UE4Editor-GitSourceControl.dll (API version 3944462).
LogModuleManager: Display: Found up-to-date module file ../../../Engine/Plugins/Developer/PerforceSourceControl/Binaries/Win64/UE4Editor-PerforceSourceControl.dll (API version 3944462).
LogModuleManager: Display: Found up-to-date module file ../../../Engine/Plugins/Developer/SubversionSourceControl/Binaries/Win64/UE4Editor-SubversionSourceControl.dll (API version 3944462).
LogModuleManager: Display: Found up-to-date module file ../../../Engine/Plugins/Developer/UObjectPlugin/Binaries/Win64/UE4Editor-UObjectPlugin.dll (API version 3944462).
LogModuleManager: Display: Found up-to-date module file ../../../Engine/Plugins/Developer/VisualStudioCodeSourceCodeAccess/Binaries/Win64/UE4Editor-VisualStudioCodeSourceCodeAccess.dll (API version 3944462).
LogModuleManager: Display: Found up-to-date module file ../../../Engine/Plugins/Developer/VisualStudioSourceCodeAccess/Binaries/Win64/UE4Editor-VisualStudioSourceCodeAccess.dll (API version 3944462).
LogModuleManager: Display: Found up-to-date module file ../../../Engine/Plugins/Editor/AssetManagerEditor/Binaries/Win64/UE4Editor-AssetManagerEditor.dll (API version 3944462).
LogModuleManager: Display: Found up-to-date module file ../../../Engine/Plugins/Editor/CryptoKeys/Binaries/Win64/UE4Editor-CryptoKeys.dll (API version 3944462).
LogModuleManager: Display: Found up-to-date module file ../../../Engine/Plugins/Editor/CryptoKeys/Binaries/Win64/UE4Editor-CryptoKeysOpenSSL.dll (API version 3944462).
LogModuleManager: Display: Found up-to-date module file ../../../Engine/Plugins/Editor/DataValidation/Binaries/Win64/UE4Editor-DataValidation.dll (API version 3944462).
LogModuleManager: Display: Found up-to-date module file ../../../Engine/Plugins/Editor/FacialAnimation/Binaries/Win64/UE4Editor-FacialAnimation.dll (API version 3944462).
LogModuleManager: Display: Found up-to-date module file ../../../Engine/Plugins/Editor/FacialAnimation/Binaries/Win64/UE4Editor-FacialAnimationEditor.dll (API version 3944462).
LogModuleManager: Display: Found up-to-date module file ../../../Engine/Plugins/Editor/GameplayTagsEditor/Binaries/Win64/UE4Editor-GameplayTagsEditor.dll (API version 3944462).
LogModuleManager: Display: Found up-to-date module file ../../../Engine/Plugins/Editor/MobileLauncherProfileWizard/Binaries/Win64/UE4Editor-MobileLauncherProfileWizard.dll (API version 3944462).
LogModuleManager: Display: Found up-to-date module file ../../../Engine/Plugins/Editor/PluginBrowser/Binaries/Win64/UE4Editor-PluginBrowser.dll (API version 3944462).
LogModuleManager: Display: Found up-to-date module file ../../../Engine/Plugins/Editor/SpeedTreeImporter/Binaries/Win64/UE4Editor-SpeedTreeImporter.dll (API version 3944462).
LogModuleManager: Display: Found up-to-date module file ../../../Engine/Plugins/Enterprise/DatasmithContent/Binaries/Win64/UE4Editor-DatasmithContent.dll (API version 3944462).
LogModuleManager: Display: Found up-to-date module file ../../../Engine/Plugins/Experimental/AlembicImporter/Binaries/Win64/UE4Editor-AlembicImporter.dll (API version 3944462).
LogModuleManager: Display: Found up-to-date module file ../../../Engine/Plugins/Experimental/AlembicImporter/Binaries/Win64/UE4Editor-AlembicLibrary.dll (API version 3944462).
LogModuleManager: Display: Found up-to-date module file ../../../Engine/Plugins/Experimental/CharacterAI/Binaries/Win64/UE4Editor-CharacterAI.dll (API version 3944462).
LogModuleManager: Display: Found up-to-date module file ../../../Engine/Plugins/Experimental/HTML5Networking/Binaries/Win64/UE4Editor-HTML5Networking.dll (API version 3944462).
LogModuleManager: Display: Found up-to-date module file ../../../Engine/Plugins/Media/AndroidMedia/Binaries/Win64/UE4Editor-AndroidMediaEditor.dll (API version 3944462).
LogModuleManager: Display: Found up-to-date module file ../../../Engine/Plugins/Media/AndroidMedia/Binaries/Win64/UE4Editor-AndroidMediaFactory.dll (API version 3944462).
LogModuleManager: Display: Found up-to-date module file ../../../Engine/Plugins/Media/AvfMedia/Binaries/Win64/UE4Editor-AvfMediaEditor.dll (API version 3944462).
LogModuleManager: Display: Found up-to-date module file ../../../Engine/Plugins/Media/AvfMedia/Binaries/Win64/UE4Editor-AvfMediaFactory.dll (API version 3944462).
LogModuleManager: Display: Found up-to-date module file ../../../Engine/Plugins/Media/AvfMedia/Binaries/Win64/UE4Editor-AvfMediaFactory.dll (API version 3944462).
LogModuleManager: Display: Found up-to-date module file ../../../Engine/Plugins/Media/ImgMedia/Binaries/Win64/UE4Editor-ImgMedia.dll (API version 3944462).
LogModuleManager: Display: Found up-to-date module file ../../../Engine/Plugins/Media/ImgMedia/Binaries/Win64/UE4Editor-ImgMediaEditor.dll (API version 3944462).
LogModuleManager: Display: Found up-to-date module file ../../../Engine/Plugins/Media/ImgMedia/Binaries/Win64/UE4Editor-ImgMediaFactory.dll (API version 3944462).
LogModuleManager: Display: Found up-to-date module file ../../../Engine/Plugins/Media/ImgMedia/Binaries/Win64/UE4Editor-ImgMediaFactory.dll (API version 3944462).
LogModuleManager: Display: Found up-to-date module file ../../../Engine/Plugins/Media/ImgMedia/Binaries/Win64/UE4Editor-OpenExrWrapper.dll (API version 3944462).
LogModuleManager: Display: Found up-to-date module file ../../../Engine/Plugins/Media/LinearTimecode/Binaries/Win64/UE4Editor-LinearTimecode.dll (API version 3944462).
LogModuleManager: Display: Found up-to-date module file ../../../Engine/Plugins/Media/MediaCompositing/Binaries/Win64/UE4Editor-MediaCompositing.dll (API version 3944462).
LogModuleManager: Display: Found up-to-date module file ../../../Engine/Plugins/Media/MediaCompositing/Binaries/Win64/UE4Editor-MediaCompositingEditor.dll (API version 3944462).
LogModuleManager: Display: Found up-to-date module file ../../../Engine/Plugins/Media/MediaPlayerEditor/Binaries/Win64/UE4Editor-MediaPlayerEditor.dll (API version 3944462).
LogModuleManager: Display: Found up-to-date module file ../../../Engine/Plugins/Media/WmfMedia/Binaries/Win64/UE4Editor-WmfMedia.dll (API version 3944462).
LogModuleManager: Display: Found up-to-date module file ../../../Engine/Plugins/Media/WmfMedia/Binaries/Win64/UE4Editor-WmfMediaEditor.dll (API version 3944462).
LogModuleManager: Display: Found up-to-date module file ../../../Engine/Plugins/Media/WmfMedia/Binaries/Win64/UE4Editor-WmfMediaFactory.dll (API version 3944462).
LogModuleManager: Display: Found up-to-date module file ../../../Engine/Plugins/Media/WmfMedia/Binaries/Win64/UE4Editor-WmfMediaFactory.dll (API version 3944462).
LogModuleManager: Display: Found up-to-date module file ../../../Engine/Plugins/Messaging/TcpMessaging/Binaries/Win64/UE4Editor-TcpMessaging.dll (API version 3944462).
LogModuleManager: Display: Found up-to-date module file ../../../Engine/Plugins/Messaging/UdpMessaging/Binaries/Win64/UE4Editor-UdpMessaging.dll (API version 3944462).
LogModuleManager: Display: Found up-to-date module file ../../../Engine/Plugins/MovieScene/ActorSequence/Binaries/Win64/UE4Editor-ActorSequence.dll (API version 3944462).
LogModuleManager: Display: Found up-to-date module file ../../../Engine/Plugins/MovieScene/LevelSequenceEditor/Binaries/Win64/UE4Editor-LevelSequenceEditor.dll (API version 3944462).
LogModuleManager: Display: Found up-to-date module file ../../../Engine/Plugins/MovieScene/MatineeToLevelSequence/Binaries/Win64/UE4Editor-MatineeToLevelSequence.dll (API version 3944462).
LogModuleManager: Display: Found up-to-date module file ../../../Engine/Plugins/NetcodeUnitTest/NetcodeUnitTest/Binaries/Win64/UE4Editor-NetcodeUnitTest.dll (API version 3944462).
LogModuleManager: Display: Found up-to-date module file ../../../Engine/Plugins/NetcodeUnitTest/NUTUnrealEngine4/Binaries/Win64/UE4Editor-NUTUnrealEngine4.dll (API version 3944462).
LogModuleManager: Display: Found up-to-date module file ../../../Engine/Plugins/Online/OnlineSubsystem/Binaries/Win64/UE4Editor-OnlineSubsystem.dll (API version 3944462).
LogModuleManager: Display: Found up-to-date module file ../../../Engine/Plugins/Runtime/AndroidPermission/Binaries/Win64/UE4Editor-AndroidPermission.dll (API version 3944462).
LogModuleManager: Display: Found up-to-date module file ../../../Engine/Plugins/Online/OnlineSubsystemNull/Binaries/Win64/UE4Editor-OnlineSubsystemNull.dll (API version 3944462).
LogModuleManager: Display: Found up-to-date module file ../../../Engine/Plugins/Online/OnlineSubsystemUtils/Binaries/Win64/UE4Editor-OnlineSubsystemUtils.dll (API version 3944462).
LogModuleManager: Display: Found up-to-date module file ../../../Engine/Plugins/Online/OnlineSubsystemUtils/Binaries/Win64/UE4Editor-OnlineBlueprintSupport.dll (API version 3944462).
LogModuleManager: Display: Found up-to-date module file ../../../Engine/Plugins/Runtime/AndroidDeviceProfileSelector/Binaries/Win64/UE4Editor-AndroidDeviceProfileSelector.dll (API version 3944462).
LogModuleManager: Display: Found up-to-date module file ../../../Engine/Plugins/Runtime/AppleARKit/Binaries/Win64/UE4Editor-AppleARKit.dll (API version 3944462).
LogModuleManager: Display: Found up-to-date module file ../../../Engine/Plugins/Runtime/ProceduralMeshComponent/Binaries/Win64/UE4Editor-ProceduralMeshComponent.dll (API version 3944462).
LogModuleManager: Display: Found up-to-date module file ../../../Engine/Plugins/Runtime/ProceduralMeshComponent/Binaries/Win64/UE4Editor-ProceduralMeshComponentEditor.dll (API version 3944462).
LogModuleManager: Display: Found up-to-date module file ../../../Engine/Plugins/Animation/LiveLink/Binaries/Win64/UE4Editor-LiveLink.dll (API version 3944462).
LogModuleManager: Display: Found up-to-date module file ../../../Engine/Plugins/Animation/LiveLink/Binaries/Win64/UE4Editor-LiveLinkEditor.dll (API version 3944462).
LogModuleManager: Display: Found up-to-date module file ../../../Engine/Plugins/Runtime/ArchVisCharacter/Binaries/Win64/UE4Editor-ArchVisCharacter.dll (API version 3944462).
LogModuleManager: Display: Found up-to-date module file ../../../Engine/Plugins/Runtime/AudioCapture/Binaries/Win64/UE4Editor-AudioCapture.dll (API version 3944462).
LogModuleManager: Display: Found up-to-date module file ../../../Engine/Plugins/Runtime/AudioCapture/Binaries/Win64/UE4Editor-AudioCaptureEditor.dll (API version 3944462).
LogModuleManager: Display: Found up-to-date module file ../../../Engine/Plugins/Runtime/CableComponent/Binaries/Win64/UE4Editor-CableComponent.dll (API version 3944462).
LogModuleManager: Display: Found up-to-date module file ../../../Engine/Plugins/Runtime/CustomMeshComponent/Binaries/Win64/UE4Editor-CustomMeshComponent.dll (API version 3944462).
LogModuleManager: Display: Found up-to-date module file ../../../Engine/Plugins/Runtime/ExampleDeviceProfileSelector/Binaries/Win64/UE4Editor-ExampleDeviceProfileSelector.dll (API version 3944462).
LogModuleManager: Display: Found up-to-date module file ../../../Engine/Plugins/Runtime/ImmediatePhysics/Binaries/Win64/UE4Editor-ImmediatePhysics.dll (API version 3944462).
LogModuleManager: Display: Found up-to-date module file ../../../Engine/Plugins/Runtime/ImmediatePhysics/Binaries/Win64/UE4Editor-ImmediatePhysicsEditor.dll (API version 3944462).
LogModuleManager: Display: Found up-to-date module file ../../../Engine/Plugins/Runtime/LocationServicesBPLibrary/Binaries/Win64/UE4Editor-LocationServicesBPLibrary.dll (API version 3944462).
LogModuleManager: Display: Found up-to-date module file ../../../Engine/Plugins/Runtime/MobilePatchingUtils/Binaries/Win64/UE4Editor-MobilePatchingUtils.dll (API version 3944462).
LogModuleManager: Display: Found up-to-date module file ../../../Engine/Plugins/Runtime/Oculus/OculusVR/Binaries/Win64/UE4Editor-OculusHMD.dll (API version 3944462).
LogModuleManager: Display: Found up-to-date module file ../../../Engine/Plugins/Runtime/Oculus/OculusVR/Binaries/Win64/UE4Editor-OculusInput.dll (API version 3944462).
LogModuleManager: Display: Found up-to-date module file ../../../Engine/Plugins/Runtime/Oculus/OculusVR/Binaries/Win64/UE4Editor-OculusEditor.dll (API version 3944462).
LogModuleManager: Display: Found up-to-date module file ../../../Engine/Plugins/Runtime/PhysXVehicles/Binaries/Win64/UE4Editor-PhysXVehicles.dll (API version 3944462).
LogModuleManager: Display: Found up-to-date module file ../../../Engine/Plugins/Runtime/PhysXVehicles/Binaries/Win64/UE4Editor-PhysXVehiclesEditor.dll (API version 3944462).
LogModuleManager: Display: Found up-to-date module file ../../../Engine/Plugins/Runtime/RuntimePhysXCooking/Binaries/Win64/UE4Editor-RuntimePhysXCooking.dll (API version 3944462).
LogModuleManager: Display: Found up-to-date module file ../../../Engine/Plugins/Runtime/Steam/SteamVR/Binaries/Win64/UE4Editor-SteamVR.dll (API version 3944462).
LogModuleManager: Display: Found up-to-date module file ../../../Engine/Plugins/Runtime/Steam/SteamVR/Binaries/Win64/UE4Editor-SteamVRController.dll (API version 3944462).
LogModuleManager: Display: Found up-to-date module file ../../../Engine/Plugins/Runtime/WindowsMoviePlayer/Binaries/Win64/UE4Editor-WindowsMoviePlayer.dll (API version 3944462).
LogPluginManager: Mounting plugin Paper2D
LogPluginManager: Mounting plugin LiveLink
LogPluginManager: Mounting plugin LightPropagationVolume
LogPluginManager: Mounting plugin CLionSourceCodeAccess
LogPluginManager: Mounting plugin CodeLiteSourceCodeAccess
LogPluginManager: Mounting plugin GitSourceControl
LogPluginManager: Mounting plugin KDevelopSourceCodeAccess
LogPluginManager: Mounting plugin NullSourceCodeAccess
LogPluginManager: Mounting plugin PerforceSourceControl
LogPluginManager: Mounting plugin SubversionSourceControl
LogPluginManager: Mounting plugin UObjectPlugin
LogPluginManager: Mounting plugin VisualStudioCodeSourceCodeAccess
LogPluginManager: Mounting plugin VisualStudioSourceCodeAccess
LogPluginManager: Mounting plugin XCodeSourceCodeAccess
LogPluginManager: Mounting plugin AssetManagerEditor
LogPluginManager: Mounting plugin CryptoKeys
LogPluginManager: Mounting plugin DataValidation
LogPluginManager: Mounting plugin FacialAnimation
LogPluginManager: Mounting plugin GameplayTagsEditor
LogPluginManager: Mounting plugin MobileLauncherProfileWizard
LogPluginManager: Mounting plugin PluginBrowser
LogPluginManager: Mounting plugin SpeedTreeImporter
LogPluginManager: Mounting plugin DatasmithContent
LogPluginManager: Mounting plugin AlembicImporter
LogPluginManager: Mounting plugin CharacterAI
LogPluginManager: Mounting plugin HTML5Networking
LogPluginManager: Mounting plugin AndroidMedia
LogPluginManager: Mounting plugin AvfMedia
LogPluginManager: Mounting plugin ImgMedia
LogPluginManager: Mounting plugin LinearTimecode
LogPluginManager: Mounting plugin MediaCompositing
LogPluginManager: Mounting plugin MediaPlayerEditor
LogPluginManager: Mounting plugin WmfMedia
LogPluginManager: Mounting plugin TcpMessaging
LogPluginManager: Mounting plugin UdpMessaging
LogPluginManager: Mounting plugin ActorSequence
LogPluginManager: Mounting plugin LevelSequenceEditor
LogPluginManager: Mounting plugin MatineeToLevelSequence
LogPluginManager: Mounting plugin NetcodeUnitTest
LogPluginManager: Mounting plugin NUTUnrealEngine4
LogPluginManager: Mounting plugin OnlineSubsystemGooglePlay
LogPluginManager: Mounting plugin OnlineSubsystemIOS
LogPluginManager: Mounting plugin OnlineSubsystem
LogPluginManager: Mounting plugin OnlineSubsystemNull
LogPluginManager: Mounting plugin OnlineSubsystemUtils
LogPluginManager: Mounting plugin AndroidDeviceProfileSelector
LogPluginManager: Mounting plugin AndroidMoviePlayer
LogPluginManager: Mounting plugin AndroidPermission
LogPluginManager: Mounting plugin AppleARKit
LogPluginManager: Mounting plugin AppleMoviePlayer
LogPluginManager: Mounting plugin ArchVisCharacter
LogPluginManager: Mounting plugin AudioCapture
LogPluginManager: Mounting plugin CableComponent
LogPluginManager: Mounting plugin CustomMeshComponent
LogPluginManager: Mounting plugin ExampleDeviceProfileSelector
LogPluginManager: Mounting plugin GoogleCloudMessaging
LogPluginManager: Mounting plugin ImmediatePhysics
LogPluginManager: Mounting plugin IOSDeviceProfileSelector
LogPluginManager: Mounting plugin LinuxDeviceProfileSelector
LogPluginManager: Mounting plugin LocationServicesBPLibrary
LogPluginManager: Mounting plugin MobilePatchingUtils
LogPluginManager: Mounting plugin OculusVR
LogPluginManager: Plugin shader directory ../../../Engine/Plugins/Runtime/Oculus/OculusVR/Shaders found
LogPluginManager: Mapping shader source directory ../../../Engine/Plugins/Runtime/Oculus/OculusVR/Shaders to virtual directory /Plugin/OculusVR
LogPluginManager: Mounting plugin PhysXVehicles
LogPluginManager: Mounting plugin ProceduralMeshComponent
LogPluginManager: Mounting plugin RuntimePhysXCooking
LogPluginManager: Mounting plugin SteamVR
LogPluginManager: Mounting plugin WindowsMoviePlayer
LogStreaming: Display: Took  2.261s to configure plugins.
LogInit: Using libcurl 7.47.1
LogInit:  - built for x86_64-pc-win32
LogInit:  - supports SSL with OpenSSL/1.0.2g
LogInit:  - supports HTTP deflate (compression) using libz 1.2.8
LogInit:  - other features:
LogInit:      CURL_VERSION_SSL
LogInit:      CURL_VERSION_LIBZ
LogInit:      CURL_VERSION_IPV6
LogInit:      CURL_VERSION_ASYNCHDNS
LogInit:      CURL_VERSION_LARGEFILE
LogInit:      CURL_VERSION_IDN
LogInit:  CurlRequestOptions (configurable via config and command line):
LogInit:  - bVerifyPeer = false  - Libcurl will NOT verify peer certificate
LogInit:  - bUseHttpProxy = false  - Libcurl will NOT use HTTP proxy
LogInit:  - bDontReuseConnections = false  - Libcurl will reuse connections
LogInit:  - CertBundlePath = nullptr  - Libcurl will use whatever was configured at build time.
LogInit:  - MaxHostConnections = 16  - Libcurl will limit the number of connections to a host
LogInit:  - LocalHostAddr = Default
LogInit: WinSock: version 1.1 (2.2), MaxSocks=32767, MaxUdp=65467
LogInit: WinSock: I am DESKTOP-DBC968G (192.168.254.20:0)
LogInit: Build: ++UE4+Release-4.19-CL-3944462
LogInit: Engine Version: 4.19.0-3944462+++UE4+Release-4.19
LogInit: Compatible Engine Version: 4.19.0-3944462+++UE4+Release-4.19
LogInit: Net CL: 3944462
LogDevObjectVersion: Number of dev versions registered: 18
LogDevObjectVersion:   Dev-Blueprints (B0D832E4-1F89-4F0D-ACCF-7EB736FD4AA2): 10
LogDevObjectVersion:   Dev-Build (E1C64328-A22C-4D53-A36C-8E866417BD8C): 0
LogDevObjectVersion:   Dev-Core (375EC13C-06E4-48FB-B500-84F0262A717E): 2
LogDevObjectVersion:   Dev-Editor (E4B068ED-F494-42E9-A231-DA0B2E46BB41): 23
LogDevObjectVersion:   Dev-Framework (CFFC743F-43B0-4480-9391-14DF171D2073): 33
LogDevObjectVersion:   Dev-Mobile (B02B49B5-BB20-44E9-A304-32B752E40360): 2
LogDevObjectVersion:   Dev-Networking (A4E4105C-59A1-49B5-A7C5-40C4547EDFEE): 0
LogDevObjectVersion:   Dev-Online (39C831C9-5AE6-47DC-9A44-9C173E1C8E7C): 0
LogDevObjectVersion:   Dev-Physics (78F01B33-EBEA-4F98-B9B4-84EACCB95AA2): 0
LogDevObjectVersion:   Dev-Platform (6631380F-2D4D-43E0-8009-CF276956A95A): 0
LogDevObjectVersion:   Dev-Rendering (12F88B9F-8875-4AFC-A67C-D90C383ABD29): 25
LogDevObjectVersion:   Dev-Sequencer (7B5AE74C-D270-4C10-A958-57980B212A5A): 6
LogDevObjectVersion:   Dev-VR (D7296918-1DD6-4BDD-9DE2-64A83CC13884): 1
LogDevObjectVersion:   Dev-LoadTimes (C2A15278-BFE7-4AFE-6C17-90FF531DF755): 1
LogDevObjectVersion:   Private-Geometry (6EACA3D4-40EC-4CC1-B786-8BED09428FC5): 2
LogDevObjectVersion:   Dev-AnimPhys (29E575DD-E0A3-4627-9D10-D276232CDCEA): 16
LogDevObjectVersion:   Dev-ReflectionCapture (6B266CEC-1EC7-4B8F-A30B-E4D90942FC07): 1
LogDevObjectVersion:   Dev-Automation (0DF73D61-A23F-47EA-B727-89E90C41499A): 1
LogInit: Compiled (64-bit): Mar 13 2018 23:12:32
LogInit: Compiled with Visual C++: 19.00.24215.01
LogInit: Build Configuration: Development
LogInit: Branch Name: ++UE4+Release-4.19
LogInit: Command Line:  
LogInit: Base Directory: D:/UE_4.19/Engine/Binaries/Win64/
LogInit: Installed Engine Build: 1
LogStreaming: Display: Took  0.069s to delete old logs.
LogInit: Presizing for max 8388607 objects, including 0 objects not considered by GC, pre-allocating 0 bytes for permanent pool.
LogInit: Object subsystem initialized
[2018.03.24-08.56.16:225][  0]LogInit: Selected Device Profile: [Windows]
[2018.03.24-08.56.16:225][  0]LogInit: Applying CVar settings loaded from the selected device profile: [Windows]
[2018.03.24-08.56.16:321][  0]LogInit: Computer: DESKTOP-DBC968G
[2018.03.24-08.56.16:321][  0]LogInit: User: Leviathan
[2018.03.24-08.56.16:321][  0]LogInit: CPU Page size=4096, Cores=6
[2018.03.24-08.56.16:321][  0]LogInit: High frequency timer resolution =3.320312 MHz
[2018.03.24-08.56.16:321][  0]LogMemory: Memory total: Physical=31.9GB (32GB approx)
[2018.03.24-08.56.16:321][  0]LogMemory: Platform Memory Stats for Windows
[2018.03.24-08.56.16:321][  0]LogMemory: Process Physical Memory: 274.82 MB used, 274.82 MB peak
[2018.03.24-08.56.16:321][  0]LogMemory: Process Virtual Memory: 271.62 MB used, 271.62 MB peak
[2018.03.24-08.56.16:321][  0]LogMemory: Physical Memory: 11215.25 MB used,  21452.72 MB free, 32667.97 MB total
[2018.03.24-08.56.16:322][  0]LogMemory: Virtual Memory: 714.15 MB used,  21452.72 MB free, 134217728.00 MB total
[2018.03.24-08.56.16:682][  0]LogInit: Using OS detected language (en-US).
[2018.03.24-08.56.16:682][  0]LogInit: Using OS detected locale (en-US).
[2018.03.24-08.56.16:902][  0]LogTextLocalizationManager: No specific localization for 'en-US' exists, so the 'en' localization will be used.
[2018.03.24-08.56.17:962][  0]LogStreaming: Display: Took  1.279s to EndInitTextLocalization.
[2018.03.24-08.56.17:962][  0]LogInit: Setting process to per monitor DPI aware
[2018.03.24-08.56.18:564][  0]LogSlate: New Slate User Created.  User Index 0, Is Virtual User: 0
[2018.03.24-08.56.18:564][  0]LogSlate: Slate User Registered.  User Index 0, Is Virtual User: 0
[2018.03.24-08.56.25:070][  0]LogD3D11RHI: D3D11 adapters:
[2018.03.24-08.56.25:118][  0]LogD3D11RHI:    0. 'NVIDIA GeForce GTX 1080' (Feature Level 11_0)
[2018.03.24-08.56.25:118][  0]LogD3D11RHI:       8079/0/16333 MB DedicatedVideo/DedicatedSystem/SharedSystem, Outputs:2, VendorId:0x10de
[2018.03.24-08.56.25:122][  0]LogD3D11RHI:    1. 'Microsoft Basic Render Driver' (Feature Level 11_0)
[2018.03.24-08.56.25:122][  0]LogD3D11RHI:       0/0/16333 MB DedicatedVideo/DedicatedSystem/SharedSystem, Outputs:0, VendorId:0x1414
[2018.03.24-08.56.25:122][  0]LogD3D11RHI: Chosen D3D11 Adapter: 0
[2018.03.24-08.56.25:129][  0]LogD3D11RHI: Creating new Direct3DDevice
[2018.03.24-08.56.25:129][  0]LogD3D11RHI:     GPU DeviceId: 0x1b80 (for the marketing name, search the web for "GPU Device Id")
[2018.03.24-08.56.25:129][  0]LogWindows: EnumDisplayDevices:
[2018.03.24-08.56.25:129][  0]LogWindows:    0. 'NVIDIA GeForce GTX 1080' (P:1 D:1)
[2018.03.24-08.56.25:129][  0]LogWindows:    1. 'NVIDIA GeForce GTX 1080' (P:0 D:1)
[2018.03.24-08.56.25:130][  0]LogWindows:    2. 'NVIDIA GeForce GTX 1080' (P:0 D:0)
[2018.03.24-08.56.25:130][  0]LogWindows:    3. 'NVIDIA GeForce GTX 1080' (P:0 D:0)
[2018.03.24-08.56.25:130][  0]LogWindows: DebugString: GetVideoDriverDetailsInvalid PrimaryIsNotTheChoosenAdapter GetVideoDriverDetailsInvalid PrimaryIsNotTheChoosenAdapter GetVideoDriverDetailsInvalid PrimaryIsNotTheChoosenAdapter GetVideoDriverDetailsInvalid PrimaryIsNotTheChoosenAdapter FoundDriverCount:0 
[2018.03.24-08.56.25:130][  0]LogD3D11RHI:     Adapter Name: NVIDIA GeForce GTX 1080
[2018.03.24-08.56.25:130][  0]LogD3D11RHI:   Driver Version: Unknown (internal:Unknown, unified:Unknown)
[2018.03.24-08.56.25:130][  0]LogD3D11RHI:      Driver Date: Unknown
[2018.03.24-08.56.25:130][  0]LogRHI: Texture pool is 5655 MB (70% of 8079 MB)
[2018.03.24-08.56.25:157][  0]LogD3D11RHI: [Aftermath] Aftermath enabled and primed
[2018.03.24-08.56.25:157][  0]LogD3D11RHI: Async texture creation enabled
[2018.03.24-08.56.25:175][  0]LogD3D11RHI: GPU Timing Frequency: 1000.000000 (Debug: 2 2)
[2018.03.24-08.56.25:220][  0]LogShaderCompilers: Guid format shader working directory is 9 characters bigger than the processId version (../../../../Documents/GitHub/ShadowField/Intermediate/Shaders/WorkingDirectory/10316/).
[2018.03.24-08.56.25:221][  0]LogShaderCompilers: Cleaned the shader compiler working directory 'C:/Users/Leviathan/AppData/Local/Temp/UnrealShaderWorkingDir/EB879F744DC133EEF0C0D69C7CEE25B6/'.
[2018.03.24-08.56.26:732][  0]LogTemp: Display: Loaded TP AllDesktopTargetPlatform
[2018.03.24-08.56.26:745][  0]LogTemp: Display: Loaded TP MacClientTargetPlatform
[2018.03.24-08.56.26:758][  0]LogTemp: Display: Loaded TP MacNoEditorTargetPlatform
[2018.03.24-08.56.26:770][  0]LogTemp: Display: Loaded TP MacServerTargetPlatform
[2018.03.24-08.56.26:817][  0]LogTemp: Display: Loaded TP MacTargetPlatform
[2018.03.24-08.56.26:830][  0]LogTemp: Display: Loaded TP WindowsClientTargetPlatform
[2018.03.24-08.56.26:843][  0]LogTemp: Display: Loaded TP WindowsNoEditorTargetPlatform
[2018.03.24-08.56.26:855][  0]LogTemp: Display: Loaded TP WindowsServerTargetPlatform
[2018.03.24-08.56.26:862][  0]LogTemp: Display: Loaded TP WindowsTargetPlatform
[2018.03.24-08.56.26:873][  0]LogTemp: Display: Loaded TP Android_ASTCTargetPlatform
[2018.03.24-08.56.26:885][  0]LogTemp: Display: Loaded TP Android_ATCTargetPlatform
[2018.03.24-08.56.26:897][  0]LogTemp: Display: Loaded TP Android_DXTTargetPlatform
[2018.03.24-08.56.26:909][  0]LogTemp: Display: Loaded TP Android_ETC1aTargetPlatform
[2018.03.24-08.56.26:921][  0]LogTemp: Display: Loaded TP Android_ETC1TargetPlatform
[2018.03.24-08.56.26:932][  0]LogTemp: Display: Loaded TP Android_ETC2TargetPlatform
[2018.03.24-08.56.26:956][  0]LogTemp: Display: Loaded TP Android_MultiTargetPlatform
[2018.03.24-08.56.26:956][  0]LogTemp: Display: Loaded TP Android_PVRTCTargetPlatform
[2018.03.24-08.56.27:072][  0]LogTemp: Display: Loaded TP AndroidTargetPlatform
[2018.03.24-08.56.27:074][  0]LogTemp: Display: Loaded TP HTML5TargetPlatform
[2018.03.24-08.56.27:275][  0]LogTemp: Display: Loaded TP IOSTargetPlatform
[2018.03.24-08.56.27:307][  0]LogTemp: Display: Loaded TP TVOSTargetPlatform
[2018.03.24-08.56.27:330][  0]LogTemp: Display: Loaded TP LinuxClientTargetPlatform
[2018.03.24-08.56.27:350][  0]LogTemp: Display: Loaded TP LinuxNoEditorTargetPlatform
[2018.03.24-08.56.27:384][  0]LogTemp: Display: Loaded TP LinuxServerTargetPlatform
[2018.03.24-08.56.27:422][  0]LogTemp: Display: Loaded TP LinuxTargetPlatform
[2018.03.24-08.56.27:422][  0]LogTargetPlatformManager: Display: Building Assets For Windows
[2018.03.24-08.56.29:722][  0]LogXGEController: Cannot use XGE Controller as Incredibuild is not installed on this machine.
[2018.03.24-08.56.29:722][  0]LogShaderCompilers: Cannot use XGE Shader Compiler as Incredibuild is not installed on this machine.
[2018.03.24-08.56.29:722][  0]LogShaderCompilers: Display: Using Local Shader Compiler.
[2018.03.24-08.56.33:566][  0]LogDerivedDataCache: Display: Max Cache Size: 512 MB
[2018.03.24-08.56.33:801][  0]LogDerivedDataCache: Loaded boot cache 0.24s 74MB C:/Users/Leviathan/AppData/Local/UnrealEngine/4.19/DerivedDataCache/Boot.ddc.
[2018.03.24-08.56.33:801][  0]LogDerivedDataCache: Display: Loaded Boot cache: C:/Users/Leviathan/AppData/Local/UnrealEngine/4.19/DerivedDataCache/Boot.ddc
[2018.03.24-08.56.33:801][  0]LogDerivedDataCache: FDerivedDataBackendGraph:  Pak pak cache file ../../../../Documents/GitHub/ShadowField/DerivedDataCache/DDC.ddp not found, will not use a pak cache.
[2018.03.24-08.56.33:801][  0]LogDerivedDataCache: Unable to find inner node Pak for hierarchical cache Hierarchy.
[2018.03.24-08.56.33:801][  0]LogDerivedDataCache: FDerivedDataBackendGraph:  CompressedPak pak cache file ../../../../Documents/GitHub/ShadowField/DerivedDataCache/Compressed.ddp not found, will not use a pak cache.
[2018.03.24-08.56.33:801][  0]LogDerivedDataCache: Unable to find inner node CompressedPak for hierarchical cache Hierarchy.
[2018.03.24-08.56.34:010][  0]LogDerivedDataCache: Display: Pak cache opened for reading ../../../Engine/DerivedDataCache/Compressed.ddp.
[2018.03.24-08.56.34:022][  0]LogDerivedDataCache: Using Local data cache path C:/Users/Leviathan/AppData/Local/UnrealEngine/Common/DerivedDataCache: Writable
[2018.03.24-08.56.34:042][  0]LogMaterial: Verifying Global Shaders for PCD3D_SM5
[2018.03.24-08.56.34:042][  0]LogSlate: Using Freetype 2.6.0
[2018.03.24-08.56.34:292][  0]LogSlate: SlateFontCache - WITH_FREETYPE: 1, WITH_HARFBUZZ: 1
[2018.03.24-08.56.34:292][  0]LogSlate: SlateFontCache - WITH_FREETYPE: 1, WITH_HARFBUZZ: 1
[2018.03.24-08.56.43:409][  0]LogAssetRegistry: FAssetRegistry took 0.0255 seconds to start up
[2018.03.24-08.56.47:214][  0]LogInit: Selected Device Profile: [Windows]
[2018.03.24-08.56.49:305][  0]LogSimplygon: Simplygon DLL not present - disabling.
[2018.03.24-08.56.49:309][  0]LogMeshReduction: Using SimplygonSwarm for distributed automatic mesh merging
[2018.03.24-08.56.49:309][  0]LogMeshReduction: Using QuadricMeshReduction for automatic static mesh reduction
[2018.03.24-08.56.49:309][  0]LogMeshReduction: No automatic skeletal mesh reduction module available
[2018.03.24-08.56.49:309][  0]LogMeshReduction: No automatic mesh merging module available
[2018.03.24-08.56.49:309][  0]LogMeshMerging: No automatic mesh merging module available
[2018.03.24-08.56.49:447][  0]LogNetVersion: ShadowField , NetCL: 3944462, EngineNetVer: 2, GameNetVer: 0 (Checksum: 2023336792)
[2018.03.24-08.56.51:831][  0]LogPackageLocalizationCache: Processed 9 localized package path(s) for 2 prioritized culture(s) in 0.444005 seconds
[2018.03.24-08.56.51:837][  0]LogUObjectArray: 36728 objects as part of root set at end of initial load.
[2018.03.24-08.56.51:837][  0]LogUObjectAllocator: 7314312 out of 0 bytes used by permanent object pool.
[2018.03.24-08.56.51:837][  0]LogUObjectArray: CloseDisregardForGC: 0/0 objects in disregard for GC pool
[2018.03.24-08.57.52:536][  0]LogTcpMessaging: Initializing TcpMessaging bridge
[2018.03.24-08.57.52:613][  0]LogUdpMessaging: Initializing bridge on interface 0.0.0.0:0 to multicast group 230.0.0.1:6666.
[2018.03.24-08.57.55:637][  0]SourceControl: Source control is disabled
[2018.03.24-08.57.55:638][  0]LogWindows: Warning: CreateProc failed: The system cannot find the file specified. (0x00000002)
[2018.03.24-08.57.55:638][  0]LogWindows: Warning: URL: C:/Program Files/Git/bin/git.exe version
[2018.03.24-08.57.55:638][  0]LogWindows: Warning: CreateProc failed: The system cannot find the file specified. (0x00000002)
[2018.03.24-08.57.55:638][  0]LogWindows: Warning: URL: C:/Program Files (x86)/Git/bin/git.exe version
[2018.03.24-08.57.55:639][  0]LogWindows: Warning: CreateProc failed: The system cannot find the file specified. (0x00000002)
[2018.03.24-08.57.55:639][  0]LogWindows: Warning: URL: C:\Users\Leviathan\AppData\Local/Programs/Git/cmd/git.exe version
[2018.03.24-08.57.55:639][  0]LogWindows: Warning: CreateProc failed: The system cannot find the file specified. (0x00000002)
[2018.03.24-08.57.55:639][  0]LogWindows: Warning: URL: C:/Program Files (x86)/SmartGit/git/bin/git.exe version
[2018.03.24-08.57.55:640][  0]LogWindows: Warning: CreateProc failed: The system cannot find the file specified. (0x00000002)
[2018.03.24-08.57.55:640][  0]LogWindows: Warning: URL: C:/Program Files (x86)/SmartGit/bin/git.exe version
[2018.03.24-08.57.55:640][  0]LogWindows: Warning: CreateProc failed: The system cannot find the file specified. (0x00000002)
[2018.03.24-08.57.55:640][  0]LogWindows: Warning: URL: C:\Users\Leviathan\AppData\Local/Atlassian/SourceTree/git_local/bin/git.exe version
[2018.03.24-08.57.55:640][  0]LogWindows: Warning: CreateProc failed: The system cannot find the file specified. (0x00000002)
[2018.03.24-08.57.55:641][  0]LogWindows: Warning: URL: C:/Program Files (x86)/fournova/Tower/vendor/Git/bin/git.exe version
[2018.03.24-08.57.55:813][  0]LogWindows: Warning: CreateProc failed: The system cannot find the file specified. (0x00000002)
[2018.03.24-08.57.55:813][  0]LogWindows: Warning: URL: C:/Program Files/Git/bin/git.exe version
[2018.03.24-08.57.55:814][  0]LogWindows: Warning: CreateProc failed: The system cannot find the file specified. (0x00000002)
[2018.03.24-08.57.55:814][  0]LogWindows: Warning: URL: C:/Program Files (x86)/Git/bin/git.exe version
[2018.03.24-08.57.55:814][  0]LogWindows: Warning: CreateProc failed: The system cannot find the file specified. (0x00000002)
[2018.03.24-08.57.55:814][  0]LogWindows: Warning: URL: C:\Users\Leviathan\AppData\Local/Programs/Git/cmd/git.exe version
[2018.03.24-08.57.55:814][  0]LogWindows: Warning: CreateProc failed: The system cannot find the file specified. (0x00000002)
[2018.03.24-08.57.55:814][  0]LogWindows: Warning: URL: C:/Program Files (x86)/SmartGit/git/bin/git.exe version
[2018.03.24-08.57.55:815][  0]LogWindows: Warning: CreateProc failed: The system cannot find the file specified. (0x00000002)
[2018.03.24-08.57.55:815][  0]LogWindows: Warning: URL: C:/Program Files (x86)/SmartGit/bin/git.exe version
[2018.03.24-08.57.55:815][  0]LogWindows: Warning: CreateProc failed: The system cannot find the file specified. (0x00000002)
[2018.03.24-08.57.55:815][  0]LogWindows: Warning: URL: C:\Users\Leviathan\AppData\Local/Atlassian/SourceTree/git_local/bin/git.exe version
[2018.03.24-08.57.55:815][  0]LogWindows: Warning: CreateProc failed: The system cannot find the file specified. (0x00000002)
[2018.03.24-08.57.55:815][  0]LogWindows: Warning: URL: C:/Program Files (x86)/fournova/Tower/vendor/Git/bin/git.exe version
[2018.03.24-08.57.55:903][  0]LogWindows: Warning: CreateProc failed: The system cannot find the file specified. (0x00000002)
[2018.03.24-08.57.55:903][  0]LogWindows: Warning: URL: C:/Program Files/Git/bin/git.exe version
[2018.03.24-08.57.55:903][  0]LogWindows: Warning: CreateProc failed: The system cannot find the file specified. (0x00000002)
[2018.03.24-08.57.55:903][  0]LogWindows: Warning: URL: C:/Program Files (x86)/Git/bin/git.exe version
[2018.03.24-08.57.55:903][  0]LogWindows: Warning: CreateProc failed: The system cannot find the file specified. (0x00000002)
[2018.03.24-08.57.55:903][  0]LogWindows: Warning: URL: C:\Users\Leviathan\AppData\Local/Programs/Git/cmd/git.exe version
[2018.03.24-08.57.55:903][  0]LogWindows: Warning: CreateProc failed: The system cannot find the file specified. (0x00000002)
[2018.03.24-08.57.55:903][  0]LogWindows: Warning: URL: C:/Program Files (x86)/SmartGit/git/bin/git.exe version
[2018.03.24-08.57.55:903][  0]LogWindows: Warning: CreateProc failed: The system cannot find the file specified. (0x00000002)
[2018.03.24-08.57.55:903][  0]LogWindows: Warning: URL: C:/Program Files (x86)/SmartGit/bin/git.exe version
[2018.03.24-08.57.55:903][  0]LogWindows: Warning: CreateProc failed: The system cannot find the file specified. (0x00000002)
[2018.03.24-08.57.55:903][  0]LogWindows: Warning: URL: C:\Users\Leviathan\AppData\Local/Atlassian/SourceTree/git_local/bin/git.exe version
[2018.03.24-08.57.55:904][  0]LogWindows: Warning: CreateProc failed: The system cannot find the file specified. (0x00000002)
[2018.03.24-08.57.55:904][  0]LogWindows: Warning: URL: C:/Program Files (x86)/fournova/Tower/vendor/Git/bin/git.exe version
[2018.03.24-08.58.00:461][  0]LogAndroidPermission: UAndroidPermissionCallbackProxy::GetInstance
[2018.03.24-08.58.01:483][  0]LogOcInput: OculusInput pre-init called
[2018.03.24-08.58.02:713][  0]LogEngine: Initializing Engine...
[2018.03.24-08.58.02:962][  0]LogHMD: Failed to initialize OpenVR with code 126
[2018.03.24-08.58.02:964][  0]LogStats: UGameplayTagsManager::ConstructGameplayTagTree: Construct from data asset -  0.000 s
[2018.03.24-08.58.02:965][  0]LogStats: UGameplayTagsManager::ConstructGameplayTagTree: ImportINI -  0.001 s
[2018.03.24-08.58.02:965][  0]LogStats: UGameplayTagsManager::ConstructGameplayTagTree: GameplayTagTreeChangedEvent.Broadcast -  0.000 s
[2018.03.24-08.58.03:320][  0]LogAIModule: Creating AISystem for world Untitled
[2018.03.24-08.58.03:341][  0]LogInit: XAudio2 using 'Speakers (2- High Definition Audio Device)' : 2 channels at 48 kHz using 16 bits per sample (channel mask 0x3)
[2018.03.24-08.58.03:357][  0]LogInit: FAudioDevice initialized.
[2018.03.24-08.58.03:413][  0]LogDerivedDataCache: Saved boot cache 0.05s 74MB C:/Users/Leviathan/AppData/Local/UnrealEngine/4.19/DerivedDataCache/Boot.ddc.
[2018.03.24-08.58.03:424][  0]LogInit: Texture streaming: Enabled
[2018.03.24-08.58.03:625][  0]LogEngineSessionManager: EngineSessionManager initialized
[2018.03.24-08.58.03:722][  0]LogInit: Transaction tracking system initialized
[2018.03.24-08.58.04:330][  0]BlueprintLog: New page: Editor Load
[2018.03.24-08.58.07:425][  0]LocalizationService: Localization service is disabled
[2018.03.24-08.58.08:251][  0]LogConsoleResponse: Display: 
[2018.03.24-08.58.09:095][  0]LogCook: Display: Max memory allowance for cook 16384mb min free memory 0mb
[2018.03.24-08.58.09:096][  0]LogCook: Display: Mobile HDR setting 1
[2018.03.24-08.58.09:096][  0]LogGameplayTags: Display: UGameplayTagsManager::DoneAddingNativeTags. DelegateIsBound: 0
[2018.03.24-08.58.09:096][  0]LogStats: UGameplayTagsManager::ConstructGameplayTagTree: Construct from data asset -  0.000 s
[2018.03.24-08.58.09:096][  0]LogStats: UGameplayTagsManager::ConstructGameplayTagTree: ImportINI -  0.000 s
[2018.03.24-08.58.09:096][  0]LogStats: UGameplayTagsManager::ConstructGameplayTagTree: GameplayTagTreeChangedEvent.Broadcast -  0.000 s
[2018.03.24-08.58.09:691][  0]LogFileCache: Scanning file cache for directory 'D:/Documents/GitHub/ShadowField/Content/' took 0.04s
[2018.03.24-08.58.14:931][  0]LogWindows: Warning: CreateProc failed: The system cannot find the file specified. (0x00000002)
[2018.03.24-08.58.14:931][  0]LogWindows: Warning: URL: C:/Program Files/Git/bin/git.exe version
[2018.03.24-08.58.14:931][  0]LogWindows: Warning: CreateProc failed: The system cannot find the file specified. (0x00000002)
[2018.03.24-08.58.14:931][  0]LogWindows: Warning: URL: C:/Program Files (x86)/Git/bin/git.exe version
[2018.03.24-08.58.14:931][  0]LogWindows: Warning: CreateProc failed: The system cannot find the file specified. (0x00000002)
[2018.03.24-08.58.14:931][  0]LogWindows: Warning: URL: C:\Users\Leviathan\AppData\Local/Programs/Git/cmd/git.exe version
[2018.03.24-08.58.14:931][  0]LogWindows: Warning: CreateProc failed: The system cannot find the file specified. (0x00000002)
[2018.03.24-08.58.14:931][  0]LogWindows: Warning: URL: C:/Program Files (x86)/SmartGit/git/bin/git.exe version
[2018.03.24-08.58.14:932][  0]LogWindows: Warning: CreateProc failed: The system cannot find the file specified. (0x00000002)
[2018.03.24-08.58.14:932][  0]LogWindows: Warning: URL: C:/Program Files (x86)/SmartGit/bin/git.exe version
[2018.03.24-08.58.14:932][  0]LogWindows: Warning: CreateProc failed: The system cannot find the file specified. (0x00000002)
[2018.03.24-08.58.14:932][  0]LogWindows: Warning: URL: C:\Users\Leviathan\AppData\Local/Atlassian/SourceTree/git_local/bin/git.exe version
[2018.03.24-08.58.14:932][  0]LogWindows: Warning: CreateProc failed: The system cannot find the file specified. (0x00000002)
[2018.03.24-08.58.14:932][  0]LogWindows: Warning: URL: C:/Program Files (x86)/fournova/Tower/vendor/Git/bin/git.exe version
[2018.03.24-08.58.14:932][  0]Cmd: MAP LOAD FILE="../../../../Documents/GitHub/ShadowField/Content/ThirdPersonBP/Maps/ShadowField.umap" TEMPLATE=0 SHOWPROGRESS=1 FEATURELEVEL=3
[2018.03.24-08.58.14:972][  0]LightingResults: New page: Lighting Build
[2018.03.24-08.58.15:166][  0]MapCheck: New page: Map Check
[2018.03.24-08.58.15:166][  0]LightingResults: New page: Lighting Build
[2018.03.24-08.59.14:668][  0]LogTexture: Display: Building textures: T_SpikesAtlas_N (BC5, 2048X2048)
[2018.03.24-08.59.14:669][  0]LogTexture: Display: Building textures: T_SpikesAtlas_A (AutoDXT, 2048X2048)
[2018.03.24-08.59.14:669][  0]LogTexture: Display: Building textures: T_SpikesAtlas_C (AutoDXT, 2048X2048)
[2018.03.24-08.59.14:669][  0]LogTexture: Display: Building textures: T_TrimStone3_H (AutoDXT, 2048X2048)
[2018.03.24-08.59.14:669][  0]LogTexture: Display: Building textures: T_TrimStone3_N (BC5, 2048X2048)
[2018.03.24-08.59.14:669][  0]LogTexture: Display: Building textures: T_TrimStone3_C (AutoDXT, 2048X2048)
[2018.03.24-08.59.14:669][  0]LogTexture: Display: Building textures: T_TrimStone3_A (AutoDXT, 2048X2048)
[2018.03.24-08.59.14:673][  0]LogMaterial: Missing cached shader map for material M_PropsMaster, compiling. 
[2018.03.24-08.59.14:822][  0]LogMaterial: Missing cached shader map for material M_PropsMaster, compiling. 
[2018.03.24-08.59.16:568][  0]LogShaderCompilers: Display: Shaders left to compile 170
[2018.03.24-08.59.16:568][  0]LogShaderCompilers: Display: Shaders left to compile 160
[2018.03.24-08.59.16:568][  0]LogShaderCompilers: Display: Shaders left to compile 150
[2018.03.24-08.59.16:568][  0]LogShaderCompilers: Display: Shaders left to compile 140
[2018.03.24-08.59.16:568][  0]LogShaderCompilers: Display: Shaders left to compile 130
[2018.03.24-08.59.16:568][  0]LogShaderCompilers: Display: Shaders left to compile 120
[2018.03.24-08.59.16:568][  0]LogShaderCompilers: Display: Shaders left to compile 110
[2018.03.24-08.59.16:568][  0]LogShaderCompilers: Display: Shaders left to compile 100
[2018.03.24-08.59.16:568][  0]LogShaderCompilers: Display: Shaders left to compile 90
[2018.03.24-08.59.18:099][  0]LogShaderCompilers: Display: Shaders left to compile 250
[2018.03.24-08.59.18:100][  0]LogShaderCompilers: Display: Shaders left to compile 240
[2018.03.24-08.59.18:661][  0]LogLinker: Warning: Can't find file '/Game/Weather/Rain/Rain_sound_effect'
[2018.03.24-08.59.18:661][  0]LogLinker: Warning: Can't find file '/Game/Weather/Rain/Rain_sound_effect'
[2018.03.24-08.59.18:661][  0]LogUObjectGlobals: Warning: Failed to find object 'Object /Game/Weather/Rain/Rain_sound_effect.Rain_sound_effect'
[2018.03.24-08.59.18:686][  0]LogMaterial: Missing cached shader map for material M_PropsMaster, compiling. 
[2018.03.24-08.59.18:921][  0]LogMaterial: Missing cached shader map for material M_VertexPaint_BrickWall_Master, compiling. 
[2018.03.24-08.59.18:953][  0]LogShaderCompilers: Display: Shaders left to compile 459
[2018.03.24-08.59.18:953][  0]LogMaterial: Missing cached shader map for material M_PropsMaster, compiling. 
[2018.03.24-08.59.19:031][  0]LogMaterial: Missing cached shader map for material M_PropsMaster, compiling. 
[2018.03.24-08.59.19:107][  0]LogMaterial: Missing cached shader map for material M_PropsMaster, compiling. 
[2018.03.24-08.59.19:228][  0]LogShaderCompilers: Display: Shaders left to compile 959
[2018.03.24-08.59.19:232][  0]LogMaterial: Missing cached shader map for material M_PropsMaster, compiling. 
[2018.03.24-08.59.19:330][  0]LogMaterial: Missing cached shader map for material M_VertexPaint_StoneWall_Master, compiling. 
[2018.03.24-08.59.19:391][  0]LogShaderCompilers: Display: Shaders left to compile 1178
[2018.03.24-08.59.19:391][  0]LogSkeletalMesh: Skeletal Mesh found in DDC [6.653592ms] /Game/Phoenix/PhoenixModel.PhoenixModel
[2018.03.24-08.59.19:597][  0]LogShaderCompilers: Display: Shaders left to compile 1168
[2018.03.24-08.59.19:597][  0]LogShaderCompilers: Display: Shaders left to compile 1158
[2018.03.24-08.59.19:597][  0]LogSkeletalMesh: Skeletal Mesh found in DDC [15.299466ms] /Game/Mannequin/Character/Mesh/SK_Mannequin.SK_Mannequin
[2018.03.24-08.59.19:718][  0]LogShaderCompilers: Display: Shaders left to compile 1148
[2018.03.24-08.59.19:718][  0]LogAIModule: Creating AISystem for world ShadowField
[2018.03.24-08.59.20:049][  0]LogEditorServer: Finished looking for orphan Actors (0.000 secs)
[2018.03.24-08.59.20:454][  0]Cmd: MAP CHECKDEP NOCLEARLOG
[2018.03.24-08.59.20:635][  0]MapCheck: Map check complete: 0 Error(s), 0 Warning(s), took 181.546ms to complete.
[2018.03.24-08.59.20:635][  0]LogFileHelpers: Loading map 'ShadowField' took 65.703
[2018.03.24-08.59.20:811][  0]LogCollectionManager: Loaded 0 collections in 0.001856 seconds
[2018.03.24-08.59.20:861][  0]LogFileCache: Scanning file cache for directory 'D:/Documents/GitHub/ShadowField/Saved/Collections/' took 0.01s
[2018.03.24-08.59.20:861][  0]LogFileCache: Scanning file cache for directory 'D:/Documents/GitHub/ShadowField/Content/Developers/Leviathan/Collections/' took 0.01s
[2018.03.24-08.59.20:861][  0]LogFileCache: Scanning file cache for directory 'D:/Documents/GitHub/ShadowField/Content/Collections/' took 0.01s
[2018.03.24-08.59.20:861][  0]LogCollectionManager: Rebuilt the GUID cache for 0 collections in 0.000000 seconds
[2018.03.24-08.59.20:877][  0]LogContentBrowser: Native class hierarchy populated in 0.0156 seconds. Added 2452 classes and 558 folders.
[2018.03.24-08.59.20:885][  0]LogContentBrowser: Native class hierarchy updated for 'WidgetCarousel' in 0.0004 seconds. Added 0 classes and 0 folders.
[2018.03.24-08.59.20:979][  0]LogContentBrowser: Native class hierarchy updated for 'AddContentDialog' in 0.0005 seconds. Added 0 classes and 0 folders.
[2018.03.24-08.59.20:986][  0]LogContentBrowser: Native class hierarchy updated for 'SceneOutliner' in 0.0005 seconds. Added 1 classes and 2 folders.
[2018.03.24-08.59.21:245][  0]LogSlate: Took 0.000372 seconds to synchronously load lazily loaded font '../../../Engine/Content/Slate/Fonts/Roboto-Regular.ttf' (155K)
[2018.03.24-08.59.21:247][  0]LogSlate: Took 0.000442 seconds to synchronously load lazily loaded font '../../../Engine/Content/Slate/Fonts/Roboto-Bold.ttf' (160K)
[2018.03.24-08.59.21:254][  0]LogSlate: Took 0.000332 seconds to synchronously load lazily loaded font '../../../Engine/Content/Editor/Slate/Fonts/FontAwesome.ttf' (139K)
[2018.03.24-08.59.21:454][  0]LogShaderCompilers: Display: Shaders left to compile 1138
[2018.03.24-08.59.21:454][  0]LogRenderer: Reallocating scene render targets to support 1284x592 Format 10 NumSamples 1 (Frame:1).
[2018.03.24-08.59.21:932][  0]LogSlate: FSceneViewport::OnFocusLost() reason 2
[2018.03.24-08.59.21:975][  0]LogShaderCompilers: Display: Shaders left to compile 1128
[2018.03.24-08.59.21:975][  0]LogSlate: Window 'Tutorials' being destroyed
[2018.03.24-08.59.22:010][  0]LogContentBrowser: Native class hierarchy updated for 'HierarchicalLODOutliner' in 0.0004 seconds. Added 0 classes and 0 folders.
[2018.03.24-08.59.22:010][  0]LogLoad: (Engine Initialization) Total time: 201.47 seconds
[2018.03.24-08.59.22:010][  0]LogLoad: (Engine Initialization) Total Blueprint compile time: 0.00 seconds
[2018.03.24-08.59.22:378][  0]LogShaderCompilers: Display: Shaders left to compile 1118
[2018.03.24-08.59.22:378][  0]LogShaderCompilers: Display: Shaders left to compile 1108
[2018.03.24-08.59.22:378][  0]LogShaderCompilers: Display: Shaders left to compile 1098
[2018.03.24-08.59.22:378][  0]LogContentStreaming: Texture pool size now 1000 MB
[2018.03.24-08.59.22:755][  2]LogShaderCompilers: Display: Shaders left to compile 1088
[2018.03.24-08.59.23:067][  3]LogShaderCompilers: Display: Shaders left to compile 1078
[2018.03.24-08.59.23:371][  3]LogShaderCompilers: Display: Shaders left to compile 1068
[2018.03.24-08.59.23:737][  4]LogShaderCompilers: Display: Shaders left to compile 1058
[2018.03.24-08.59.24:056][  6]LogShaderCompilers: Display: Shaders left to compile 1048
[2018.03.24-08.59.24:056][  6]LogShaderCompilers: Display: Shaders left to compile 1038
[2018.03.24-08.59.24:412][  7]LogShaderCompilers: Display: Shaders left to compile 1028
[2018.03.24-08.59.25:756][ 11]LogShaderCompilers: Display: Shaders left to compile 1018
[2018.03.24-08.59.25:756][ 11]LogShaderCompilers: Display: Shaders left to compile 1008
[2018.03.24-08.59.26:108][ 12]LogShaderCompilers: Display: Shaders left to compile 998
[2018.03.24-08.59.26:108][ 12]LogShaderCompilers: Display: Shaders left to compile 988
[2018.03.24-08.59.26:108][ 12]LogShaderCompilers: Display: Shaders left to compile 978
[2018.03.24-08.59.27:797][ 17]LogShaderCompilers: Display: Shaders left to compile 968
[2018.03.24-08.59.28:130][ 18]LogShaderCompilers: Display: Shaders left to compile 958
[2018.03.24-08.59.28:464][ 19]LogShaderCompilers: Display: Shaders left to compile 948
[2018.03.24-08.59.28:464][ 19]LogShaderCompilers: Display: Shaders left to compile 938
[2018.03.24-08.59.28:799][ 20]LogShaderCompilers: Display: Shaders left to compile 928
[2018.03.24-08.59.29:479][ 22]LogShaderCompilers: Display: Shaders left to compile 918
[2018.03.24-08.59.29:479][ 22]LogShaderCompilers: Display: Shaders left to compile 908
[2018.03.24-08.59.29:801][ 23]LogShaderCompilers: Display: Shaders left to compile 898
[2018.03.24-08.59.30:146][ 24]LogShaderCompilers: Display: Shaders left to compile 888
[2018.03.24-08.59.31:125][ 26]LogShaderCompilers: Display: Shaders left to compile 878
[2018.03.24-08.59.31:125][ 26]LogAssetRegistry: Asset discovery search completed in 167.7374 seconds
[2018.03.24-08.59.31:132][ 26]LogCollectionManager: Rebuilt the object cache for 0 collections in 0.000001 seconds (found 0 objects)
[2018.03.24-08.59.31:132][ 26]LogCollectionManager: Fixed up redirectors for 0 collections in 0.000114 seconds (updated 0 objects)
[2018.03.24-08.59.31:179][ 27]LogShaderCompilers: Display: Shaders left to compile 868
[2018.03.24-08.59.31:504][ 28]LogShaderCompilers: Display: Shaders left to compile 858
[2018.03.24-08.59.31:821][ 29]LogShaderCompilers: Display: Shaders left to compile 848
[2018.03.24-08.59.32:157][ 30]LogShaderCompilers: Display: Shaders left to compile 838
[2018.03.24-08.59.32:157][ 30]LogShaderCompilers: Display: Shaders left to compile 828
[2018.03.24-08.59.32:157][ 30]LogShaderCompilers: Display: Shaders left to compile 818
[2018.03.24-08.59.32:473][ 31]LogShaderCompilers: Display: Shaders left to compile 808
[2018.03.24-08.59.33:804][ 35]LogShaderCompilers: Display: Shaders left to compile 798
[2018.03.24-08.59.34:141][ 36]LogShaderCompilers: Display: Shaders left to compile 788
[2018.03.24-08.59.34:806][ 38]LogShaderCompilers: Display: Shaders left to compile 778
[2018.03.24-08.59.35:138][ 39]LogShaderCompilers: Display: Shaders left to compile 768
[2018.03.24-08.59.35:138][ 39]LogShaderCompilers: Display: Shaders left to compile 758
[2018.03.24-08.59.35:471][ 40]LogShaderCompilers: Display: Shaders left to compile 748
[2018.03.24-08.59.35:804][ 41]LogShaderCompilers: Display: Shaders left to compile 738
[2018.03.24-08.59.35:804][ 41]LogShaderCompilers: Display: Shaders left to compile 728
[2018.03.24-08.59.36:480][ 43]LogShaderCompilers: Display: Shaders left to compile 718
[2018.03.24-08.59.37:472][ 46]LogShaderCompilers: Display: Shaders left to compile 708
[2018.03.24-08.59.37:472][ 46]LogShaderCompilers: Display: Shaders left to compile 698
[2018.03.24-08.59.37:813][ 47]LogShaderCompilers: Display: Shaders left to compile 688
[2018.03.24-08.59.37:813][ 47]LogShaderCompilers: Display: Shaders left to compile 678
[2018.03.24-08.59.38:482][ 49]LogShaderCompilers: Display: Shaders left to compile 668
[2018.03.24-08.59.38:805][ 50]LogShaderCompilers: Display: Shaders left to compile 658
[2018.03.24-08.59.39:139][ 51]LogShaderCompilers: Display: Shaders left to compile 648
[2018.03.24-08.59.39:814][ 53]LogShaderCompilers: Display: Shaders left to compile 638
[2018.03.24-08.59.40:820][ 56]LogShaderCompilers: Display: Shaders left to compile 628
[2018.03.24-08.59.40:820][ 56]LogShaderCompilers: Display: Shaders left to compile 618
[2018.03.24-08.59.40:820][ 56]LogShaderCompilers: Display: Shaders left to compile 608
[2018.03.24-08.59.40:820][ 56]LogShaderCompilers: Display: Shaders left to compile 598
[2018.03.24-08.59.40:820][ 56]LogShaderCompilers: Display: Shaders left to compile 588
[2018.03.24-08.59.41:163][ 57]LogShaderCompilers: Display: Shaders left to compile 578
[2018.03.24-08.59.42:811][ 62]LogShaderCompilers: Display: Shaders left to compile 568
[2018.03.24-08.59.42:811][ 62]LogShaderCompilers: Display: Shaders left to compile 558
[2018.03.24-08.59.43:482][ 64]LogShaderCompilers: Display: Shaders left to compile 548
[2018.03.24-08.59.43:809][ 65]LogShaderCompilers: Display: Shaders left to compile 538
[2018.03.24-08.59.44:143][ 66]LogShaderCompilers: Display: Shaders left to compile 528
[2018.03.24-08.59.44:475][ 67]LogShaderCompilers: Display: Shaders left to compile 518
[2018.03.24-08.59.44:475][ 67]LogShaderCompilers: Display: Shaders left to compile 508
[2018.03.24-08.59.44:475][ 67]LogShaderCompilers: Display: Shaders left to compile 498
[2018.03.24-08.59.44:809][ 68]LogShaderCompilers: Display: Shaders left to compile 488
[2018.03.24-08.59.45:156][ 69]LogShaderCompilers: Display: Shaders left to compile 478
[2018.03.24-08.59.45:156][ 69]LogShaderCompilers: Display: Shaders left to compile 468
[2018.03.24-08.59.46:478][ 73]LogShaderCompilers: Display: Shaders left to compile 458
[2018.03.24-08.59.46:813][ 74]LogShaderCompilers: Display: Shaders left to compile 448
[2018.03.24-08.59.46:813][ 74]LogShaderCompilers: Display: Shaders left to compile 438
[2018.03.24-08.59.46:813][ 74]LogShaderCompilers: Display: Shaders left to compile 428
[2018.03.24-08.59.47:477][ 76]LogShaderCompilers: Display: Shaders left to compile 418
[2018.03.24-08.59.47:811][ 77]LogShaderCompilers: Display: Shaders left to compile 408
[2018.03.24-08.59.48:813][ 80]LogShaderCompilers: Display: Shaders left to compile 398
[2018.03.24-08.59.48:813][ 80]LogShaderCompilers: Display: Shaders left to compile 388
[2018.03.24-08.59.49:163][ 81]LogShaderCompilers: Display: Shaders left to compile 378
[2018.03.24-08.59.49:163][ 81]LogShaderCompilers: Display: Shaders left to compile 368
[2018.03.24-08.59.49:813][ 83]LogShaderCompilers: Display: Shaders left to compile 358
[2018.03.24-08.59.49:813][ 83]LogShaderCompilers: Display: Shaders left to compile 348
[2018.03.24-08.59.50:149][ 84]LogShaderCompilers: Display: Shaders left to compile 338
[2018.03.24-08.59.50:481][ 85]LogShaderCompilers: Display: Shaders left to compile 328
[2018.03.24-08.59.50:481][ 85]LogShaderCompilers: Display: Shaders left to compile 318
[2018.03.24-08.59.50:814][ 86]LogShaderCompilers: Display: Shaders left to compile 308
[2018.03.24-08.59.52:155][ 90]LogShaderCompilers: Display: Shaders left to compile 298
[2018.03.24-08.59.52:155][ 90]LogShaderCompilers: Display: Shaders left to compile 288
[2018.03.24-08.59.52:155][ 90]LogShaderCompilers: Display: Shaders left to compile 278
[2018.03.24-08.59.52:489][ 91]LogShaderCompilers: Display: Shaders left to compile 268
[2018.03.24-08.59.52:834][ 92]LogShaderCompilers: Display: Shaders left to compile 258
[2018.03.24-08.59.53:147][ 93]LogShaderCompilers: Display: Shaders left to compile 248
[2018.03.24-08.59.53:813][ 95]LogShaderCompilers: Display: Shaders left to compile 238
[2018.03.24-08.59.54:143][ 96]LogShaderCompilers: Display: Shaders left to compile 228
[2018.03.24-08.59.54:484][ 97]LogShaderCompilers: Display: Shaders left to compile 218
[2018.03.24-08.59.54:484][ 97]LogShaderCompilers: Display: Shaders left to compile 208
[2018.03.24-08.59.54:809][ 98]LogShaderCompilers: Display: Shaders left to compile 198
[2018.03.24-08.59.55:477][100]LogShaderCompilers: Display: Shaders left to compile 188
[2018.03.24-08.59.56:144][102]LogShaderCompilers: Display: Shaders left to compile 178
[2018.03.24-08.59.56:145][102]LogShaderCompilers: Display: Shaders left to compile 168
[2018.03.24-08.59.56:145][102]LogShaderCompilers: Display: Shaders left to compile 158
[2018.03.24-08.59.56:482][103]LogShaderCompilers: Display: Shaders left to compile 148
[2018.03.24-08.59.56:813][104]LogShaderCompilers: Display: Shaders left to compile 138
[2018.03.24-08.59.57:159][105]LogShaderCompilers: Display: Shaders left to compile 128
[2018.03.24-08.59.57:822][107]LogShaderCompilers: Display: Shaders left to compile 118
[2018.03.24-08.59.58:164][108]LogShaderCompilers: Display: Shaders left to compile 108
[2018.03.24-08.59.58:811][110]LogShaderCompilers: Display: Shaders left to compile 98
[2018.03.24-08.59.58:811][110]LogShaderCompilers: Display: Shaders left to compile 88
[2018.03.24-08.59.59:151][111]LogShaderCompilers: Display: Shaders left to compile 78
[2018.03.24-08.59.59:811][113]LogShaderCompilers: Display: Shaders left to compile 68
[2018.03.24-09.00.00:149][114]LogShaderCompilers: Display: Shaders left to compile 58
[2018.03.24-09.00.00:149][114]LogShaderCompilers: Display: Shaders left to compile 48
[2018.03.24-09.00.00:490][115]LogShaderCompilers: Display: Shaders left to compile 38
[2018.03.24-09.00.00:816][116]LogShaderCompilers: Display: Shaders left to compile 28
[2018.03.24-09.00.00:816][116]LogShaderCompilers: Display: Shaders left to compile 18
[2018.03.24-09.00.02:148][120]LogShaderCompilers: Display: Shaders left to compile 8
[2018.03.24-09.11.02:981][658]LogSlate: FSceneViewport::OnFocusLost() reason 0
[2018.03.24-09.11.23:301][978]LogSlate: FSceneViewport::OnFocusLost() reason 0
[2018.03.24-09.11.23:401][989]LogTemp: Repeating last play command: Selected Viewport
[2018.03.24-09.11.23:548][989]LogBlueprintUserMessages: Early PlayInEditor Detection: Level '/Game/ThirdPersonBP/Maps/ShadowField.ShadowField:PersistentLevel' has LevelScriptBlueprint '/Game/ThirdPersonBP/Maps/ShadowField.ShadowField:PersistentLevel.ShadowField' with GeneratedClass '/Game/ThirdPersonBP/Maps/ShadowField.ShadowField_C' with ClassGeneratedBy '/Game/ThirdPersonBP/Maps/ShadowField.ShadowField:PersistentLevel.ShadowField'
[2018.03.24-09.11.23:612][989]LogPlayLevel: PlayLevel: No blueprints needed recompiling
[2018.03.24-09.11.23:983][989]PIE: New page: PIE session: ShadowField (Mar 23, 2018, 7:11:23 PM)
[2018.03.24-09.11.24:020][989]LogPlayLevel: Creating play world package: /Game/ThirdPersonBP/Maps/UEDPIE_0_ShadowField
[2018.03.24-09.11.24:268][989]LogPlayLevel: PIE: StaticDuplicateObject took: (0.248019s)
[2018.03.24-09.11.24:268][989]LogAIModule: Creating AISystem for world ShadowField
[2018.03.24-09.11.24:269][989]LogPlayLevel: PIE: World Init took: (0.000946s)
[2018.03.24-09.11.24:269][989]LogPlayLevel: PIE: Created PIE world by copying editor world from /Game/ThirdPersonBP/Maps/ShadowField.ShadowField to /Game/ThirdPersonBP/Maps/UEDPIE_0_ShadowField.ShadowField (0.249291s)
[2018.03.24-09.11.24:346][989]LogInit: XAudio2 using 'Speakers (2- High Definition Audio Device)' : 2 channels at 48 kHz using 16 bits per sample (channel mask 0x3)
[2018.03.24-09.11.24:351][989]LogInit: FAudioDevice initialized.
[2018.03.24-09.11.24:631][989]LogLoad: Game class is 'ThirdPersonGameMode_C'
[2018.03.24-09.11.24:919][989]LogWorld: Bringing World /Game/ThirdPersonBP/Maps/UEDPIE_0_ShadowField.ShadowField up for play (max tick rate 0) at 2018.03.24-02.11.24
[2018.03.24-09.11.25:229][989]LogWorld: Bringing up level for play took: 0.351305
[2018.03.24-09.11.26:211][989]LogContentBrowser: Native class hierarchy updated for 'MovieSceneCapture' in 0.0009 seconds. Added 11 classes and 0 folders.
[2018.03.24-09.11.26:556][989]PIE: Play in editor start time for /Game/ThirdPersonBP/Maps/UEDPIE_0_ShadowField 2.424
[2018.03.24-09.11.26:557][989]LogBlueprintUserMessages: Late PlayInEditor Detection: Level '/Game/ThirdPersonBP/Maps/ShadowField.ShadowField:PersistentLevel' has LevelScriptBlueprint '/Game/ThirdPersonBP/Maps/ShadowField.ShadowField:PersistentLevel.ShadowField' with GeneratedClass '/Game/ThirdPersonBP/Maps/ShadowField.ShadowField_C' with ClassGeneratedBy '/Game/ThirdPersonBP/Maps/ShadowField.ShadowField:PersistentLevel.ShadowField'
[2018.03.24-09.12.50:401][836]LogBlueprintUserMessages: Early EndPlayMap Detection: Level '/Game/ThirdPersonBP/Maps/ShadowField.ShadowField:PersistentLevel' has LevelScriptBlueprint '/Game/ThirdPersonBP/Maps/ShadowField.ShadowField:PersistentLevel.ShadowField' with GeneratedClass '/Game/ThirdPersonBP/Maps/ShadowField.ShadowField_C' with ClassGeneratedBy '/Game/ThirdPersonBP/Maps/ShadowField.ShadowField:PersistentLevel.ShadowField'
[2018.03.24-09.12.51:432][836]LogBlueprintUserMessages: Late EndPlayMap Detection: Level '/Game/ThirdPersonBP/Maps/ShadowField.ShadowField:PersistentLevel' has LevelScriptBlueprint '/Game/ThirdPersonBP/Maps/ShadowField.ShadowField:PersistentLevel.ShadowField' with GeneratedClass '/Game/ThirdPersonBP/Maps/ShadowField.ShadowField_C' with ClassGeneratedBy '/Game/ThirdPersonBP/Maps/ShadowField.ShadowField:PersistentLevel.ShadowField'
[2018.03.24-09.12.55:088][118]LogSlate: FSceneViewport::OnFocusLost() reason 0
[2018.03.24-09.12.55:595][135]LogSlate: Took 0.017240 seconds to synchronously load lazily loaded font '../../../Engine/Content/Slate/Fonts/Roboto-Light.ttf' (167K)
[2018.03.24-09.12.55:697][135]Cmd: OBJ SAVEPACKAGE PACKAGE="/Game/ThirdPersonBP/Maps/ShadowField" FILE="../../../../Documents/GitHub/ShadowField/Content/ThirdPersonBP/Maps/ShadowField.umap" SILENT=true AUTOSAVING=false KEEPDIRTY=false
[2018.03.24-09.12.57:836][135]LogSavePackage: Save=1900.97ms
[2018.03.24-09.12.57:836][135]LogSavePackage: Moving '../../../../Documents/GitHub/ShadowField/Saved/ShadowField02FF185448E9FB4F233A80BFF7E95606.tmp' to '../../../../Documents/GitHub/ShadowField/Content/ThirdPersonBP/Maps/ShadowField.umap'
[2018.03.24-09.12.58:227][135]LogSavePackage: Display: Finished SavePackage ../../../../Documents/GitHub/ShadowField/Content/ThirdPersonBP/Maps/ShadowField.umap
[2018.03.24-09.12.58:309][135]Cmd: OBJ SAVEPACKAGE PACKAGE="/Game/ThirdPersonBP/Maps/ShadowField_BuiltData" FILE="../../../../Documents/GitHub/ShadowField/Content/ThirdPersonBP/Maps/ShadowField_BuiltData.uasset" SILENT=true
[2018.03.24-09.12.59:206][135]LogSavePackage: Save=840.49ms
[2018.03.24-09.12.59:206][135]LogSavePackage: Moving '../../../../Documents/GitHub/ShadowField/Saved/ShadowField_BuiltData7453167E406C7C8BF35EAAA6923C251E.tmp' to '../../../../Documents/GitHub/ShadowField/Content/ThirdPersonBP/Maps/ShadowField_BuiltData.uasset'
[2018.03.24-09.12.59:207][135]LogSavePackage: Display: Finished SavePackage ../../../../Documents/GitHub/ShadowField/Content/ThirdPersonBP/Maps/ShadowField_BuiltData.uasset
[2018.03.24-09.13.05:378][702]LogSlate: Window 'ShadowField - Unreal Editor' being destroyed
[2018.03.24-09.13.06:803][703]Cmd: QUIT_EDITOR
[2018.03.24-09.13.07:406][703]LogWindowsTextInputMethodSystem: Display: IME system now deactivated.
[2018.03.24-09.13.07:477][703]LogSlate: Slate User Destroyed.  User Index 0, Is Virtual User: 0
[2018.03.24-09.13.07:498][703]LogExit: Preparing to exit.
[2018.03.24-09.13.08:657][703]LogDirectoryWatcher: A directory notification for 'D:/Documents/GitHub/ShadowField/Content/' was aborted.
[2018.03.24-09.13.09:034][703]LogExit: Editor shut down
[2018.03.24-09.13.09:045][703]LogExit: Transaction tracking system shut down
[2018.03.24-09.13.09:364][703]LogDirectoryWatcher: A directory notification for '../../../Engine/Content/' was aborted.
[2018.03.24-09.13.09:364][703]LogDirectoryWatcher: A directory notification for '../../../../Documents/GitHub/ShadowField/Content/' was aborted.
[2018.03.24-09.13.09:364][703]LogDirectoryWatcher: A directory notification for '../../Plugins/2D/Paper2D/Content/' was aborted.
[2018.03.24-09.13.09:364][703]LogDirectoryWatcher: A directory notification for '../../Plugins/Enterprise/DatasmithContent/Content/' was aborted.
[2018.03.24-09.13.09:364][703]LogDirectoryWatcher: A directory notification for '../../Plugins/Media/MediaCompositing/Content/' was aborted.
[2018.03.24-09.13.09:365][703]LogDirectoryWatcher: A directory notification for '../../Plugins/Runtime/AppleARKit/Content/' was aborted.
[2018.03.24-09.13.09:365][703]LogDirectoryWatcher: A directory notification for '../../Plugins/Runtime/Oculus/OculusVR/Content/' was aborted.
[2018.03.24-09.13.09:365][703]LogDirectoryWatcher: A directory notification for '../../Plugins/Runtime/Steam/SteamVR/Content/' was aborted.
[2018.03.24-09.13.11:859][703]LogExit: Object subsystem successfully closed.
[2018.03.24-09.13.12:107][703]LogShaderCompilers: Display: Shaders left to compile 0
[2018.03.24-09.13.12:163][703]LogD3D11RHI: Shutdown
[2018.03.24-09.13.12:163][703]LogD3D11RHI: CleanupD3DDevice
[2018.03.24-09.13.12:207][703]LogD3D11RHI: ~FD3D11DynamicRHI
[2018.03.24-09.13.14:009][703]LogModuleManager: Shutting down and abandoning module MovieSceneCapture (576)
[2018.03.24-09.13.14:009][703]LogModuleManager: Shutting down and abandoning module HierarchicalLODOutliner (574)
[2018.03.24-09.13.14:009][703]LogModuleManager: Shutting down and abandoning module SceneOutliner (572)
[2018.03.24-09.13.14:023][703]LogModuleManager: Shutting down and abandoning module AddContentDialog (570)
[2018.03.24-09.13.14:066][703]LogDirectoryWatcher: A directory notification for 'D:/UE_4.19/FeaturePacks/' was aborted.
[2018.03.24-09.13.14:079][703]LogModuleManager: Shutting down and abandoning module WidgetCarousel (569)
[2018.03.24-09.13.14:080][703]LogModuleManager: Shutting down and abandoning module EditorWidgets (566)
[2018.03.24-09.13.14:080][703]LogModuleManager: Shutting down and abandoning module CollectionManager (564)
[2018.03.24-09.13.14:096][703]LogDirectoryWatcher: A directory notification for 'D:/Documents/GitHub/ShadowField/Content/Collections/' was aborted.
[2018.03.24-09.13.14:097][703]LogDirectoryWatcher: A directory notification for 'D:/Documents/GitHub/ShadowField/Content/Developers/Leviathan/Collections/' was aborted.
[2018.03.24-09.13.14:097][703]LogDirectoryWatcher: A directory notification for 'D:/Documents/GitHub/ShadowField/Saved/Collections/' was aborted.
[2018.03.24-09.13.14:097][703]LogModuleManager: Shutting down and abandoning module StatsViewer (562)
[2018.03.24-09.13.14:130][703]LogModuleManager: Shutting down and abandoning module FoliageEdit (560)
[2018.03.24-09.13.14:131][703]LogModuleManager: Shutting down and abandoning module LandscapeEditor (558)
[2018.03.24-09.13.14:167][703]LogModuleManager: Shutting down and abandoning module MeshPaintMode (556)
[2018.03.24-09.13.14:167][703]LogModuleManager: Shutting down and abandoning module SceneDepthPickerMode (554)
[2018.03.24-09.13.14:167][703]LogModuleManager: Shutting down and abandoning module ActorPickerMode (552)
[2018.03.24-09.13.14:167][703]LogModuleManager: Shutting down and abandoning module GeometryMode (550)
[2018.03.24-09.13.14:199][703]LogModuleManager: Shutting down and abandoning module TextureAlignMode (548)
[2018.03.24-09.13.14:199][703]LogModuleManager: Shutting down and abandoning module BspMode (546)
[2018.03.24-09.13.14:199][703]LogModuleManager: Shutting down and abandoning module PIEPreviewDeviceProfileSelector (544)
[2018.03.24-09.13.14:199][703]LogModuleManager: Shutting down and abandoning module HardwareSurvey (542)
[2018.03.24-09.13.14:199][703]LogModuleManager: Shutting down and abandoning module SequenceRecorderSections (540)
[2018.03.24-09.13.14:223][703]LogModuleManager: Shutting down and abandoning module AutomationWorker (538)
[2018.03.24-09.13.14:224][703]LogModuleManager: Shutting down and abandoning module AudioCaptureEditor (536)
[2018.03.24-09.13.14:224][703]LogModuleManager: Shutting down and abandoning module SequenceRecorder (535)
[2018.03.24-09.13.14:244][703]LogModuleManager: Shutting down and abandoning module MatineeToLevelSequence (532)
[2018.03.24-09.13.14:271][703]LogModuleManager: Shutting down and abandoning module LevelSequenceEditor (530)
[2018.03.24-09.13.14:299][703]LogModuleManager: Shutting down and abandoning module PlacementMode (529)
[2018.03.24-09.13.14:299][703]LogModuleManager: Shutting down and abandoning module MaterialEditor (528)
[2018.03.24-09.13.14:335][703]LogModuleManager: Shutting down and abandoning module WmfMediaFactory (524)
[2018.03.24-09.13.14:335][703]LogModuleManager: Shutting down and abandoning module WmfMediaEditor (522)
[2018.03.24-09.13.14:335][703]LogModuleManager: Shutting down and abandoning module MediaPlayerEditor (520)
[2018.03.24-09.13.14:364][703]LogModuleManager: Shutting down and abandoning module OpenExrWrapper (518)
[2018.03.24-09.13.14:364][703]LogModuleManager: Shutting down and abandoning module ImgMediaFactory (516)
[2018.03.24-09.13.14:364][703]LogModuleManager: Shutting down and abandoning module ImgMediaEditor (514)
[2018.03.24-09.13.14:364][703]LogModuleManager: Shutting down and abandoning module AvfMediaFactory (512)
[2018.03.24-09.13.14:365][703]LogModuleManager: Shutting down and abandoning module AvfMediaEditor (510)
[2018.03.24-09.13.14:365][703]LogModuleManager: Shutting down and abandoning module AndroidMediaFactory (508)
[2018.03.24-09.13.14:365][703]LogModuleManager: Shutting down and abandoning module AndroidMediaEditor (506)
[2018.03.24-09.13.14:365][703]LogModuleManager: Shutting down and abandoning module CharacterAI (504)
[2018.03.24-09.13.14:365][703]LogModuleManager: Shutting down and abandoning module SmartSnapping (502)
[2018.03.24-09.13.14:365][703]LogModuleManager: Shutting down and abandoning module SessionServices (500)
[2018.03.24-09.13.14:365][703]LogModuleManager: Shutting down and abandoning module ViewportSnapping (498)
[2018.03.24-09.13.14:365][703]LogModuleManager: Shutting down and abandoning module ViewportInteraction (496)
[2018.03.24-09.13.14:365][703]LogModuleManager: Shutting down and abandoning module ClothPainter (494)
[2018.03.24-09.13.14:386][703]LogModuleManager: Shutting down and abandoning module SkeletalMeshEditor (493)
[2018.03.24-09.13.14:414][703]LogModuleManager: Shutting down and abandoning module LogVisualizer (490)
[2018.03.24-09.13.14:435][703]LogModuleManager: Shutting down and abandoning module IntroTutorials (488)
[2018.03.24-09.13.14:469][703]LogModuleManager: Shutting down and abandoning module GameProjectGeneration (487)
[2018.03.24-09.13.14:502][703]LogModuleManager: Shutting down and abandoning module IOSPlatformEditor (484)
[2018.03.24-09.13.14:502][703]LogModuleManager: Shutting down and abandoning module HTML5PlatformEditor (482)
[2018.03.24-09.13.14:502][703]LogModuleManager: Shutting down and abandoning module AndroidPlatformEditor (480)
[2018.03.24-09.13.14:502][703]LogModuleManager: Shutting down and abandoning module AndroidDeviceDetection (479)
[2018.03.24-09.13.15:076][703]LogModuleManager: Shutting down and abandoning module WindowsPlatformEditor (476)
[2018.03.24-09.13.15:076][703]LogModuleManager: Shutting down and abandoning module IOSRuntimeSettings (474)
[2018.03.24-09.13.15:076][703]LogModuleManager: Shutting down and abandoning module AndroidRuntimeSettings (472)
[2018.03.24-09.13.15:076][703]LogModuleManager: Shutting down and abandoning module InputBindingEditor (470)
[2018.03.24-09.13.15:120][703]LogModuleManager: Shutting down and abandoning module MergeActors (468)
[2018.03.24-09.13.15:150][703]LogModuleManager: Shutting down and abandoning module LocalizationDashboard (466)
[2018.03.24-09.13.15:176][703]LogModuleManager: Shutting down and abandoning module LocalizationService (465)
[2018.03.24-09.13.15:188][703]LogModuleManager: Shutting down and abandoning module HardwareTargeting (462)
[2018.03.24-09.13.15:188][703]LogModuleManager: Shutting down and abandoning module DeviceProfileEditor (460)
[2018.03.24-09.13.15:204][703]LogModuleManager: Shutting down and abandoning module UndoHistory (458)
[2018.03.24-09.13.15:204][703]LogModuleManager: Shutting down and abandoning module XmlParser (456)
[2018.03.24-09.13.15:501][703]LogModuleManager: Shutting down and abandoning module Blutility (454)
[2018.03.24-09.13.15:501][703]LogModuleManager: Shutting down and abandoning module ProjectSettingsViewer (452)
[2018.03.24-09.13.15:501][703]LogModuleManager: Shutting down and abandoning module ProjectTargetPlatformEditor (451)
[2018.03.24-09.13.15:501][703]LogModuleManager: Shutting down and abandoning module EditorSettingsViewer (448)
[2018.03.24-09.13.15:502][703]LogModuleManager: Shutting down and abandoning module SettingsEditor (446)
[2018.03.24-09.13.15:546][703]LogModuleManager: Shutting down and abandoning module ProjectLauncher (444)
[2018.03.24-09.13.15:562][703]LogModuleManager: Shutting down and abandoning module SessionFrontend (442)
[2018.03.24-09.13.15:569][703]LogModuleManager: Shutting down and abandoning module ProfilerClient (440)
[2018.03.24-09.13.15:599][703]LogModuleManager: Shutting down and abandoning module DeviceManager (438)
[2018.03.24-09.13.15:624][703]LogModuleManager: Shutting down and abandoning module TargetDeviceServices (437)
[2018.03.24-09.13.15:719][703]LogModuleManager: Shutting down and abandoning module AutomationController (434)
[2018.03.24-09.13.15:728][703]LogModuleManager: Shutting down and abandoning module AutomationWindow (432)
[2018.03.24-09.13.15:735][703]LogModuleManager: Shutting down and abandoning module Layers (430)
[2018.03.24-09.13.15:776][703]LogModuleManager: Shutting down and abandoning module ComponentVisualizers (428)
[2018.03.24-09.13.15:776][703]LogModuleManager: Shutting down and abandoning module DetailCustomizations (426)
[2018.03.24-09.13.15:798][703]LogModuleManager: Shutting down and abandoning module PackagesDialog (424)
[2018.03.24-09.13.15:798][703]LogModuleManager: Shutting down and abandoning module Persona (422)
[2018.03.24-09.13.15:839][703]LogModuleManager: Shutting down and abandoning module AdvancedPreviewScene (421)
[2018.03.24-09.13.15:839][703]LogModuleManager: Shutting down and abandoning module AnimGraph (419)
[2018.03.24-09.13.15:839][703]LogModuleManager: Shutting down and abandoning module Kismet (416)
[2018.03.24-09.13.15:869][703]LogModuleManager: Shutting down and abandoning module GraphEditor (414)
[2018.03.24-09.13.15:926][703]LogModuleManager: Shutting down and abandoning module ClassViewer (412)
[2018.03.24-09.13.15:926][703]LogModuleManager: Shutting down and abandoning module Toolbox (410)
[2018.03.24-09.13.15:926][703]LogModuleManager: Shutting down and abandoning module ModuleUI (408)
[2018.03.24-09.13.15:945][703]LogModuleManager: Shutting down and abandoning module MovieSceneTools (406)
[2018.03.24-09.13.15:958][703]LogModuleManager: Shutting down and abandoning module OutputLog (404)
[2018.03.24-09.13.15:964][703]LogModuleManager: Shutting down and abandoning module GammaUI (402)
[2018.03.24-09.13.15:989][703]LogModuleManager: Shutting down and abandoning module Documentation (400)
[2018.03.24-09.13.15:989][703]LogModuleManager: Shutting down and abandoning module MovieSceneTracks (398)
[2018.03.24-09.13.15:989][703]LogModuleManager: Shutting down and abandoning module MovieScene (396)
[2018.03.24-09.13.15:989][703]LogModuleManager: Shutting down and abandoning module StreamingPauseRendering (394)
[2018.03.24-09.13.15:989][703]LogModuleManager: Shutting down and abandoning module LauncherPlatform (392)
[2018.03.24-09.13.15:989][703]LogModuleManager: Shutting down and abandoning module AnalyticsET (390)
[2018.03.24-09.13.15:989][703]LogModuleManager: Shutting down and abandoning module PortalServices (388)
[2018.03.24-09.13.15:989][703]LogModuleManager: Shutting down and abandoning module PortalRpc (386)
[2018.03.24-09.13.15:989][703]LogModuleManager: Shutting down and abandoning module MessagingRpc (384)
[2018.03.24-09.13.15:990][703]LogModuleManager: Shutting down and abandoning module AIModule (382)
[2018.03.24-09.13.15:990][703]LogModuleManager: Shutting down and abandoning module GameplayDebugger (381)
[2018.03.24-09.13.15:990][703]LogModuleManager: Shutting down and abandoning module AITestSuite (379)
[2018.03.24-09.13.16:000][703]LogModuleManager: Shutting down and abandoning module DesktopPlatform (376)
[2018.03.24-09.13.16:021][703]LogModuleManager: Shutting down and abandoning module ProfilerService (374)
[2018.03.24-09.13.16:126][703]LogModuleManager: Shutting down and abandoning module TaskGraph (372)
[2018.03.24-09.13.16:127][703]LogModuleManager: Shutting down and abandoning module SteamVRController (370)
[2018.03.24-09.13.16:127][703]LogModuleManager: Shutting down and abandoning module ProceduralMeshComponentEditor (368)
[2018.03.24-09.13.16:127][703]LogModuleManager: Shutting down and abandoning module ProceduralMeshComponent (366)
[2018.03.24-09.13.16:172][703]LogModuleManager: Shutting down and abandoning module OculusInput (364)
[2018.03.24-09.13.16:195][703]LogModuleManager: Shutting down and abandoning module MobilePatchingUtils (362)
[2018.03.24-09.13.16:195][703]LogModuleManager: Shutting down and abandoning module CustomMeshComponent (360)
[2018.03.24-09.13.16:195][703]LogModuleManager: Shutting down and abandoning module CableComponent (358)
[2018.03.24-09.13.16:214][703]LogModuleManager: Shutting down and abandoning module AudioCapture (356)
[2018.03.24-09.13.16:214][703]LogModuleManager: Shutting down and abandoning module ArchVisCharacter (354)
[2018.03.24-09.13.16:214][703]LogModuleManager: Shutting down and abandoning module AndroidPermission (352)
[2018.03.24-09.13.16:214][703]LogModuleManager: Shutting down and abandoning module NUTUnrealEngine4 (348)
[2018.03.24-09.13.16:214][703]LogModuleManager: Shutting down and abandoning module NetcodeUnitTest (346)
[2018.03.24-09.13.16:242][703]LogModuleManager: Shutting down and abandoning module MediaCompositingEditor (344)
[2018.03.24-09.13.16:242][703]LogModuleManager: Shutting down and abandoning module MediaCompositing (342)
[2018.03.24-09.13.16:242][703]LogModuleManager: Shutting down and abandoning module LinearTimecode (340)
[2018.03.24-09.13.16:242][703]LogModuleManager: Shutting down and abandoning module ImgMedia (338)
[2018.03.24-09.13.16:259][703]LogModuleManager: Shutting down and abandoning module HTML5Networking (336)
[2018.03.24-09.13.16:259][703]LogModuleManager: Shutting down and abandoning module AlembicImporter (334)
[2018.03.24-09.13.16:271][703]LogModuleManager: Shutting down and abandoning module AlembicLibrary (333)
[2018.03.24-09.13.16:271][703]LogModuleManager: Shutting down and abandoning module GeometryCache (332)
[2018.03.24-09.13.16:271][703]LogModuleManager: Shutting down and abandoning module GeometryCacheEd (331)
[2018.03.24-09.13.16:271][703]LogModuleManager: Shutting down and abandoning module DatasmithContent (326)
[2018.03.24-09.13.16:271][703]LogModuleManager: Shutting down and abandoning module SpeedTreeImporter (324)
[2018.03.24-09.13.16:271][703]LogModuleManager: Shutting down and abandoning module PluginBrowser (322)
[2018.03.24-09.13.16:297][703]LogModuleManager: Shutting down and abandoning module MobileLauncherProfileWizard (320)
[2018.03.24-09.13.16:319][703]LogModuleManager: Shutting down and abandoning module CryptoKeysOpenSSL (318)
[2018.03.24-09.13.16:329][703]LogModuleManager: Shutting down and abandoning module CryptoKeys (316)
[2018.03.24-09.13.16:330][703]LogModuleManager: Shutting down and abandoning module VisualStudioSourceCodeAccess (314)
[2018.03.24-09.13.16:343][703]LogModuleManager: Shutting down and abandoning module VisualStudioCodeSourceCodeAccess (312)
[2018.03.24-09.13.16:343][703]LogModuleManager: Shutting down and abandoning module UObjectPlugin (310)
[2018.03.24-09.13.16:343][703]LogModuleManager: Shutting down and abandoning module SubversionSourceControl (308)
[2018.03.24-09.13.16:351][703]LogModuleManager: Shutting down and abandoning module PerforceSourceControl (306)
[2018.03.24-09.13.16:383][703]LogModuleManager: Shutting down and abandoning module GitSourceControl (304)
[2018.03.24-09.13.16:408][703]LogModuleManager: Shutting down and abandoning module SourceControl (303)
[2018.03.24-09.13.16:431][703]LogModuleManager: Shutting down and abandoning module CLionSourceCodeAccess (300)
[2018.03.24-09.13.16:441][703]LogModuleManager: Shutting down and abandoning module LightPropagationVolumeEditor (298)
[2018.03.24-09.13.16:441][703]LogModuleManager: Shutting down and abandoning module PaperTiledImporter (296)
[2018.03.24-09.13.16:441][703]LogModuleManager: Shutting down and abandoning module PaperSpriteSheetImporter (294)
[2018.03.24-09.13.16:441][703]LogModuleManager: Shutting down and abandoning module Paper2DEditor (292)
[2018.03.24-09.13.16:462][703]LogModuleManager: Shutting down and abandoning module MeshPaint (291)
[2018.03.24-09.13.16:493][703]LogModuleManager: Shutting down and abandoning module RuntimePhysXCooking (288)
[2018.03.24-09.13.16:494][703]LogModuleManager: Shutting down and abandoning module PhysXVehiclesEditor (286)
[2018.03.24-09.13.16:494][703]LogModuleManager: Shutting down and abandoning module PhysXVehicles (284)
[2018.03.24-09.13.16:494][703]LogModuleManager: Shutting down and abandoning module OculusEditor (282)
[2018.03.24-09.13.16:494][703]LogModuleManager: Shutting down and abandoning module LocationServicesBPLibrary (280)
[2018.03.24-09.13.16:494][703]LogModuleManager: Shutting down and abandoning module ImmediatePhysicsEditor (278)
[2018.03.24-09.13.16:494][703]LogModuleManager: Shutting down and abandoning module ImmediatePhysics (276)
[2018.03.24-09.13.16:519][703]LogModuleManager: Shutting down and abandoning module ActorSequence (274)
[2018.03.24-09.13.16:519][703]LogModuleManager: Shutting down and abandoning module UdpMessaging (272)
[2018.03.24-09.13.16:643][703]LogModuleManager: Shutting down and abandoning module TcpMessaging (270)
[2018.03.24-09.13.16:769][703]LogModuleManager: Shutting down and abandoning module GameplayTagsEditor (268)
[2018.03.24-09.13.16:804][703]LogModuleManager: Shutting down and abandoning module FacialAnimationEditor (266)
[2018.03.24-09.13.16:804][703]LogModuleManager: Shutting down and abandoning module FacialAnimation (264)
[2018.03.24-09.13.16:804][703]LogModuleManager: Shutting down and abandoning module DataValidation (262)
[2018.03.24-09.13.16:814][703]LogModuleManager: Shutting down and abandoning module AssetManagerEditor (260)
[2018.03.24-09.13.16:836][703]LogModuleManager: Shutting down and abandoning module LevelEditor (259)
[2018.03.24-09.13.16:840][703]LogModuleManager: Shutting down and abandoning module PixelInspectorModule (258)
[2018.03.24-09.13.16:855][703]LogModuleManager: Shutting down and abandoning module CommonMenuExtensions (256)
[2018.03.24-09.13.16:855][703]LogModuleManager: Shutting down and abandoning module MainFrame (254)
[2018.03.24-09.13.16:855][703]LogModuleManager: Shutting down and abandoning module HotReload (253)
[2018.03.24-09.13.16:900][703]LogModuleManager: Shutting down and abandoning module ContentBrowser (249)
[2018.03.24-09.13.16:902][703]LogModuleManager: Shutting down and abandoning module TreeMap (247)
[2018.03.24-09.13.16:915][703]LogModuleManager: Shutting down and abandoning module LightPropagationVolumeRuntime (244)
[2018.03.24-09.13.16:915][703]LogModuleManager: Shutting down and abandoning module LiveLinkEditor (242)
[2018.03.24-09.13.16:933][703]LogModuleManager: Shutting down and abandoning module LiveLink (240)
[2018.03.24-09.13.17:203][703]LogModuleManager: Shutting down and abandoning module Paper2D (238)
[2018.03.24-09.13.17:203][703]LogModuleManager: Shutting down and abandoning module WindowsMoviePlayer (236)
[2018.03.24-09.13.17:231][703]LogModuleManager: Shutting down and abandoning module WmfMedia (234)
[2018.03.24-09.13.17:249][703]LogModuleManager: Shutting down and abandoning module PacketHandler (232)
[2018.03.24-09.13.17:249][703]LogModuleManager: Shutting down and abandoning module ClothingSystemEditor (230)
[2018.03.24-09.13.17:249][703]LogModuleManager: Shutting down and abandoning module ClothingSystemRuntime (228)
[2018.03.24-09.13.17:266][703]LogModuleManager: Shutting down and abandoning module MediaAssets (226)
[2018.03.24-09.13.17:266][703]LogModuleManager: Shutting down and abandoning module Media (225)
[2018.03.24-09.13.17:273][703]LogModuleManager: Shutting down and abandoning module Overlay (222)
[2018.03.24-09.13.17:273][703]LogModuleManager: Shutting down and abandoning module OverlayEditor (221)
[2018.03.24-09.13.17:273][703]LogModuleManager: Shutting down and abandoning module VREditor (218)
[2018.03.24-09.13.17:291][703]LogModuleManager: Shutting down and abandoning module StringTableEditor (216)
[2018.03.24-09.13.17:291][703]LogModuleManager: Shutting down and abandoning module GameplayTasksEditor (214)
[2018.03.24-09.13.17:291][703]LogModuleManager: Shutting down and abandoning module BehaviorTreeEditor (212)
[2018.03.24-09.13.17:327][703]LogModuleManager: Shutting down and abandoning module FunctionalTesting (210)
[2018.03.24-09.13.17:327][703]LogModuleManager: Shutting down and abandoning module CollisionAnalyzer (208)
[2018.03.24-09.13.17:370][703]LogModuleManager: Shutting down and abandoning module WorkspaceMenuStructure (207)
[2018.03.24-09.13.17:370][703]LogModuleManager: Shutting down and abandoning module UMG (204)
[2018.03.24-09.13.17:370][703]LogModuleManager: Shutting down and abandoning module UMGEditor (203)
[2018.03.24-09.13.17:412][703]LogModuleManager: Shutting down and abandoning module Sequencer (202)
[2018.03.24-09.13.17:456][703]LogModuleManager: Shutting down and abandoning module MessageLog (199)
[2018.03.24-09.13.17:456][703]LogModuleManager: Shutting down and abandoning module SlateReflector (194)
[2018.03.24-09.13.17:484][703]LogModuleManager: Shutting down and abandoning module Slate (192)
[2018.03.24-09.13.17:484][703]LogModuleManager: Shutting down and abandoning module EditorStyle (190)
[2018.03.24-09.13.17:499][703]LogModuleManager: Shutting down and abandoning module MRMesh (188)
[2018.03.24-09.13.17:499][703]LogModuleManager: Shutting down and abandoning module SourceCodeAccess (186)
[2018.03.24-09.13.17:499][703]LogModuleManager: Shutting down and abandoning module HeadMountedDisplay (184)
[2018.03.24-09.13.17:499][703]LogModuleManager: Shutting down and abandoning module XAudio2 (182)
[2018.03.24-09.13.17:499][703]LogModuleManager: Shutting down and abandoning module Networking (180)
[2018.03.24-09.13.17:499][703]LogModuleManager: Shutting down and abandoning module Core (178)
[2018.03.24-09.13.17:499][703]LogModuleManager: Shutting down and abandoning module LevelSequence (176)
[2018.03.24-09.13.17:514][703]LogModuleManager: Shutting down and abandoning module KismetCompiler (174)
[2018.03.24-09.13.17:514][703]LogModuleManager: Shutting down and abandoning module MeshUtilities (172)
[2018.03.24-09.13.17:544][703]LogModuleManager: Shutting down and abandoning module MeshMergeUtilities (171)
[2018.03.24-09.13.17:544][703]LogModuleManager: Shutting down and abandoning module MeshReductionInterface (170)
[2018.03.24-09.13.17:544][703]LogModuleManager: Shutting down and abandoning module SimplygonSwarm (169)
[2018.03.24-09.13.17:583][703]LogModuleManager: Shutting down and abandoning module SimplygonMeshReduction (167)
[2018.03.24-09.13.17:591][703]LogModuleManager: Shutting down and abandoning module QuadricMeshReduction (165)
[2018.03.24-09.13.17:608][703]LogModuleManager: Shutting down and abandoning module MaterialBaking (161)
[2018.03.24-09.13.17:616][703]LogModuleManager: Shutting down and abandoning module DirectoryWatcher (157)
[2018.03.24-09.13.17:618][703]LogModuleManager: Shutting down and abandoning module DerivedDataCache (154)
[2018.03.24-09.13.17:621][703]LogDerivedDataCache: Shutdown
[2018.03.24-09.13.17:621][703]LogModuleManager: Shutting down and abandoning module XGEController (152)
[2018.03.24-09.13.17:621][703]LogModuleManager: Shutting down and abandoning module TargetPlatform (150)
[2018.03.24-09.13.17:621][703]LogModuleManager: Shutting down and abandoning module VulkanShaderFormat (149)
[2018.03.24-09.13.17:633][703]LogModuleManager: Shutting down and abandoning module ShaderFormatVectorVM (147)
[2018.03.24-09.13.17:643][703]LogModuleManager: Shutting down and abandoning module ShaderFormatOpenGL (145)
[2018.03.24-09.13.17:649][703]LogModuleManager: Shutting down and abandoning module ShaderFormatD3D (143)
[2018.03.24-09.13.17:668][703]LogModuleManager: Shutting down and abandoning module MetalShaderFormat (141)
[2018.03.24-09.13.17:688][703]LogModuleManager: Shutting down and abandoning module TextureFormatUncompressed (139)
[2018.03.24-09.13.17:688][703]LogModuleManager: Shutting down and abandoning module TextureFormatPVR (137)
[2018.03.24-09.13.17:688][703]LogModuleManager: Shutting down and abandoning module TextureFormatDXT (135)
[2018.03.24-09.13.17:688][703]LogModuleManager: Shutting down and abandoning module TextureFormatIntelISPCTexComp (133)
[2018.03.24-09.13.17:733][703]LogModuleManager: Shutting down and abandoning module TextureFormatASTC (131)
[2018.03.24-09.13.17:734][703]LogModuleManager: Shutting down and abandoning module ImageWrapper (130)
[2018.03.24-09.13.17:734][703]LogModuleManager: Shutting down and abandoning module TextureFormatAndroid (127)
[2018.03.24-09.13.17:734][703]LogModuleManager: Shutting down and abandoning module AudioFormatOpus (125)
[2018.03.24-09.13.17:734][703]LogModuleManager: Shutting down and abandoning module AudioFormatOgg (123)
[2018.03.24-09.13.17:734][703]LogModuleManager: Shutting down and abandoning module AudioFormatADPCM (121)
[2018.03.24-09.13.17:734][703]LogModuleManager: Shutting down and abandoning module LinuxTargetPlatform (119)
[2018.03.24-09.13.17:734][703]LogModuleManager: Shutting down and abandoning module LinuxServerTargetPlatform (117)
[2018.03.24-09.13.17:734][703]LogModuleManager: Shutting down and abandoning module LinuxNoEditorTargetPlatform (115)
[2018.03.24-09.13.17:734][703]LogModuleManager: Shutting down and abandoning module LinuxClientTargetPlatform (113)
[2018.03.24-09.13.17:734][703]LogModuleManager: Shutting down and abandoning module TVOSTargetPlatform (111)
[2018.03.24-09.13.17:734][703]LogModuleManager: Shutting down and abandoning module Messaging (109)
[2018.03.24-09.13.17:734][703]LogModuleManager: Shutting down and abandoning module IOSTargetPlatform (107)
[2018.03.24-09.13.17:734][703]LogModuleManager: Shutting down and abandoning module HTML5TargetPlatform (105)
[2018.03.24-09.13.17:734][703]LogModuleManager: Shutting down and abandoning module AndroidTargetPlatform (103)
[2018.03.24-09.13.17:734][703]LogModuleManager: Shutting down and abandoning module Android_PVRTCTargetPlatform (101)
[2018.03.24-09.13.17:734][703]LogModuleManager: Shutting down and abandoning module Android_MultiTargetPlatform (99)
[2018.03.24-09.13.17:734][703]LogModuleManager: Shutting down and abandoning module Android_ETC2TargetPlatform (97)
[2018.03.24-09.13.17:734][703]LogModuleManager: Shutting down and abandoning module Android_ETC1TargetPlatform (95)
[2018.03.24-09.13.17:734][703]LogModuleManager: Shutting down and abandoning module Android_ETC1aTargetPlatform (93)
[2018.03.24-09.13.17:734][703]LogModuleManager: Shutting down and abandoning module Android_DXTTargetPlatform (91)
[2018.03.24-09.13.17:734][703]LogModuleManager: Shutting down and abandoning module Android_ATCTargetPlatform (89)
[2018.03.24-09.13.17:735][703]LogModuleManager: Shutting down and abandoning module Android_ASTCTargetPlatform (87)
[2018.03.24-09.13.17:735][703]LogModuleManager: Shutting down and abandoning module WindowsTargetPlatform (85)
[2018.03.24-09.13.17:735][703]LogModuleManager: Shutting down and abandoning module WindowsServerTargetPlatform (83)
[2018.03.24-09.13.17:735][703]LogModuleManager: Shutting down and abandoning module WindowsNoEditorTargetPlatform (81)
[2018.03.24-09.13.17:735][703]LogModuleManager: Shutting down and abandoning module WindowsClientTargetPlatform (79)
[2018.03.24-09.13.17:735][703]LogModuleManager: Shutting down and abandoning module MacTargetPlatform (77)
[2018.03.24-09.13.17:735][703]LogModuleManager: Shutting down and abandoning module MacServerTargetPlatform (75)
[2018.03.24-09.13.17:735][703]LogModuleManager: Shutting down and abandoning module MacNoEditorTargetPlatform (73)
[2018.03.24-09.13.17:735][703]LogModuleManager: Shutting down and abandoning module MacClientTargetPlatform (71)
[2018.03.24-09.13.17:735][703]LogModuleManager: Shutting down and abandoning module AllDesktopTargetPlatform (69)
[2018.03.24-09.13.17:735][703]LogModuleManager: Shutting down and abandoning module InputCore (66)
[2018.03.24-09.13.17:735][703]LogModuleManager: Shutting down and abandoning module Settings (64)
[2018.03.24-09.13.17:735][703]LogModuleManager: Shutting down and abandoning module PhysXCooking (62)
[2018.03.24-09.13.17:735][703]LogModuleManager: Shutting down and abandoning module SteamVR (60)
[2018.03.24-09.13.17:746][703]LogModuleManager: Shutting down and abandoning module OculusHMD (58)
[2018.03.24-09.13.17:757][703]LogModuleManager: Shutting down and abandoning module ExampleDeviceProfileSelector (56)
[2018.03.24-09.13.17:757][703]LogModuleManager: Shutting down and abandoning module AppleARKit (54)
[2018.03.24-09.13.17:757][703]LogModuleManager: Shutting down and abandoning module AugmentedReality (51)
[2018.03.24-09.13.17:757][703]LogModuleManager: Shutting down and abandoning module OnlineBlueprintSupport (48)
[2018.03.24-09.13.17:757][703]LogModuleManager: Shutting down and abandoning module OnlineSubsystem (44)
[2018.03.24-09.13.17:808][703]LogModuleManager: Shutting down and abandoning module XMPP (43)
[2018.03.24-09.13.17:870][703]LogModuleManager: Shutting down and abandoning module HTTP (41)
[2018.03.24-09.13.17:900][703]LogHttp: Display: Http module shutting down, but needs to wait on 1 outstanding Http requests:
[2018.03.24-09.13.17:900][703]LogHttp: Display: 	verb=[POST] url=[https://datarouter.ol.epicgames.com/datarouter/api/v1/public/data?SessionID=%7BA15C2CEB-4101-7041-C675-9F915D800C44%7D&AppID=UEEditor.Rocket.Release&AppVersion=4.19.0-3944462%2B%2B%2BUE4%2BRelease-4.19&UserID=3180eddf4f51a64b47cf889a0c0e30bc%7Cf8ccf1562c484920bde4bdb0d5186e1f%7C2647454a-e22c-492a-b3fe-fd8165de4d60&AppEnvironment=datacollector-binary&UploadType=eteventstream] status=Processing
[2018.03.24-09.13.17:914][703]LogModuleManager: Shutting down and abandoning module SSL (40)
[2018.03.24-09.13.17:936][703]LogModuleManager: Shutting down and abandoning module AnimationModifiers (36)
[2018.03.24-09.13.17:952][703]LogModuleManager: Shutting down and abandoning module PropertyEditor (35)
[2018.03.24-09.13.18:000][703]LogModuleManager: Shutting down and abandoning module AudioEditor (32)
[2018.03.24-09.13.18:016][703]LogModuleManager: Shutting down and abandoning module TextureCompressor (30)
[2018.03.24-09.13.18:016][703]LogModuleManager: Shutting down and abandoning module ShaderCore (28)
[2018.03.24-09.13.18:016][703]LogModuleManager: Shutting down and abandoning module Landscape (26)
[2018.03.24-09.13.18:016][703]LogModuleManager: Shutting down and abandoning module SlateRHIRenderer (24)
[2018.03.24-09.13.18:037][703]LogModuleManager: Shutting down and abandoning module OpenGLDrv (22)
[2018.03.24-09.13.18:064][703]LogModuleManager: Shutting down and abandoning module D3D11RHI (20)
[2018.03.24-09.13.18:064][703]LogModuleManager: Shutting down and abandoning module AnimGraphRuntime (18)
[2018.03.24-09.13.18:079][703]LogModuleManager: Shutting down and abandoning module Renderer (16)
[2018.03.24-09.13.18:079][703]LogModuleManager: Shutting down and abandoning module Engine (14)
[2018.03.24-09.13.18:080][703]LogModuleManager: Shutting down and abandoning module CoreUObject (12)
[2018.03.24-09.13.18:080][703]LogModuleManager: Shutting down and abandoning module NetworkFile (10)
[2018.03.24-09.13.18:086][703]LogModuleManager: Shutting down and abandoning module CookedIterativeFile (8)
[2018.03.24-09.13.18:086][703]LogModuleManager: Shutting down and abandoning module StreamingFile (6)
[2018.03.24-09.13.18:103][703]LogModuleManager: Shutting down and abandoning module SandboxFile (4)
[2018.03.24-09.13.18:118][703]LogModuleManager: Shutting down and abandoning module PakFile (2)
[2018.03.24-09.13.18:149][703]LogExit: Exiting.
[2018.03.24-09.13.18:205][703]Log file closed, 03/24/18 02:13:18
